Start testing: Apr 02 09:54 BST
----------------------------------------------------------
1/3 Testing: TestEliasFano
1/3 Test: TestEliasFano
Command: "/Users/elijah/Desktop/diss/tests/test_elias_fano"
Directory: /Users/elijah/Desktop/diss/tests
"TestEliasFano" start time: Apr 02 09:54 BST
Output:
----------------------------------------------------------
[==========] Running 1 test from 1 test suite.
[----------] Global test environment set-up.
[----------] 1 test from EliasFanoTest
[ RUN      ] EliasFanoTest.Encoding
[       OK ] EliasFanoTest.Encoding (0 ms)
[----------] 1 test from EliasFanoTest (0 ms total)

[----------] Global test environment tear-down
[==========] 1 test from 1 test suite ran. (0 ms total)
[  PASSED  ] 1 test.
<end of output>
Test time =   0.17 sec
----------------------------------------------------------
Test Passed.
"TestEliasFano" end time: Apr 02 09:54 BST
"TestEliasFano" time elapsed: 00:00:00
----------------------------------------------------------

2/3 Testing: TestGolombRice
2/3 Test: TestGolombRice
Command: "/Users/elijah/Desktop/diss/tests/test_golomb_rice"
Directory: /Users/elijah/Desktop/diss/tests
"TestGolombRice" start time: Apr 02 09:54 BST
Output:
----------------------------------------------------------
[==========] Running 1 test from 1 test suite.
[----------] Global test environment set-up.
[----------] 1 test from GolombRiceTest
[ RUN      ] GolombRiceTest.Encoding
[       OK ] GolombRiceTest.Encoding (0 ms)
[----------] 1 test from GolombRiceTest (0 ms total)

[----------] Global test environment tear-down
[==========] 1 test from 1 test suite ran. (0 ms total)
[  PASSED  ] 1 test.
<end of output>
Test time =   0.16 sec
----------------------------------------------------------
Test Passed.
"TestGolombRice" end time: Apr 02 09:54 BST
"TestGolombRice" time elapsed: 00:00:00
----------------------------------------------------------

3/3 Testing: TestBroadword
3/3 Test: TestBroadword
Command: "/Users/elijah/Desktop/diss/tests/test_broadword"
Directory: /Users/elijah/Desktop/diss/tests
"TestBroadword" start time: Apr 02 09:54 BST
Output:
----------------------------------------------------------
[==========] Running 8 tests from 1 test suite.
[----------] Global test environment set-up.
[----------] 8 tests from SimpleSelectTest
[ RUN      ] SimpleSelectTest.AllSetBitSearch
[/Users/elijah/Desktop/diss/src/common/broadword.cpp:51] DEBUG: Data: 18446744073709551615 18446744073709551615 
[/Users/elijah/Desktop/diss/src/common/broadword.cpp:52] DEBUG: L: 64
[/Users/elijah/Desktop/diss/src/common/broadword.cpp:53] DEBUG: M: 4
[/Users/elijah/Desktop/diss/src/common/broadword.cpp:60] DEBUG: Set Bits: 128
[/Users/elijah/Desktop/diss/src/common/broadword.cpp:61] DEBUG: Total Bits: 128
[/Users/elijah/Desktop/diss/src/common/broadword.cpp:66] DEBUG: L Spacing: 64
[/Users/elijah/Desktop/diss/src/common/broadword.cpp:67] DEBUG: M Spacing: 4
[/Users/elijah/Desktop/diss/src/common/broadword.cpp:72] DEBUG: Rank: 0
[/Users/elijah/Desktop/diss/src/common/broadword.cpp:75] DEBUG: Word: 18446744073709551615
[/Users/elijah/Desktop/diss/src/common/broadword.cpp:76] DEBUG: Mask: 1
[/Users/elijah/Desktop/diss/src/common/broadword.cpp:75] DEBUG: Word: 18446744073709551615
[/Users/elijah/Desktop/diss/src/common/broadword.cpp:76] DEBUG: Mask: 2
[/Users/elijah/Desktop/diss/src/common/broadword.cpp:75] DEBUG: Word: 18446744073709551615
[/Users/elijah/Desktop/diss/src/common/broadword.cpp:76] DEBUG: Mask: 4
[/Users/elijah/Desktop/diss/src/common/broadword.cpp:75] DEBUG: Word: 18446744073709551615
[/Users/elijah/Desktop/diss/src/common/broadword.cpp:76] DEBUG: Mask: 8
[/Users/elijah/Desktop/diss/src/common/broadword.cpp:75] DEBUG: Word: 18446744073709551615
[/Users/elijah/Desktop/diss/src/common/broadword.cpp:76] DEBUG: Mask: 16
[/Users/elijah/Desktop/diss/src/common/broadword.cpp:75] DEBUG: Word: 18446744073709551615
[/Users/elijah/Desktop/diss/src/common/broadword.cpp:76] DEBUG: Mask: 32
[/Users/elijah/Desktop/diss/src/common/broadword.cpp:75] DEBUG: Word: 18446744073709551615
[/Users/elijah/Desktop/diss/src/common/broadword.cpp:76] DEBUG: Mask: 64
[/Users/elijah/Desktop/diss/src/common/broadword.cpp:75] DEBUG: Word: 18446744073709551615
[/Users/elijah/Desktop/diss/src/common/broadword.cpp:76] DEBUG: Mask: 128
[/Users/elijah/Desktop/diss/src/common/broadword.cpp:75] DEBUG: Word: 18446744073709551615
[/Users/elijah/Desktop/diss/src/common/broadword.cpp:76] DEBUG: Mask: 256
[/Users/elijah/Desktop/diss/src/common/broadword.cpp:75] DEBUG: Word: 18446744073709551615
[/Users/elijah/Desktop/diss/src/common/broadword.cpp:76] DEBUG: Mask: 512
[/Users/elijah/Desktop/diss/src/common/broadword.cpp:75] DEBUG: Word: 18446744073709551615
[/Users/elijah/Desktop/diss/src/common/broadword.cpp:76] DEBUG: Mask: 1024
[/Users/elijah/Desktop/diss/src/common/broadword.cpp:75] DEBUG: Word: 18446744073709551615
[/Users/elijah/Desktop/diss/src/common/broadword.cpp:76] DEBUG: Mask: 2048
[/Users/elijah/Desktop/diss/src/common/broadword.cpp:75] DEBUG: Word: 18446744073709551615
[/Users/elijah/Desktop/diss/src/common/broadword.cpp:76] DEBUG: Mask: 4096
[/Users/elijah/Desktop/diss/src/common/broadword.cpp:75] DEBUG: Word: 18446744073709551615
[/Users/elijah/Desktop/diss/src/common/broadword.cpp:76] DEBUG: Mask: 8192
[/Users/elijah/Desktop/diss/src/common/broadword.cpp:75] DEBUG: Word: 18446744073709551615
[/Users/elijah/Desktop/diss/src/common/broadword.cpp:76] DEBUG: Mask: 16384
[/Users/elijah/Desktop/diss/src/common/broadword.cpp:75] DEBUG: Word: 18446744073709551615
[/Users/elijah/Desktop/diss/src/common/broadword.cpp:76] DEBUG: Mask: 32768
[/Users/elijah/Desktop/diss/src/common/broadword.cpp:75] DEBUG: Word: 18446744073709551615
[/Users/elijah/Desktop/diss/src/common/broadword.cpp:76] DEBUG: Mask: 65536
[/Users/elijah/Desktop/diss/src/common/broadword.cpp:75] DEBUG: Word: 18446744073709551615
[/Users/elijah/Desktop/diss/src/common/broadword.cpp:76] DEBUG: Mask: 131072
[/Users/elijah/Desktop/diss/src/common/broadword.cpp:75] DEBUG: Word: 18446744073709551615
[/Users/elijah/Desktop/diss/src/common/broadword.cpp:76] DEBUG: Mask: 262144
[/Users/elijah/Desktop/diss/src/common/broadword.cpp:75] DEBUG: Word: 18446744073709551615
[/Users/elijah/Desktop/diss/src/common/broadword.cpp:76] DEBUG: Mask: 524288
[/Users/elijah/Desktop/diss/src/common/broadword.cpp:75] DEBUG: Word: 18446744073709551615
[/Users/elijah/Desktop/diss/src/common/broadword.cpp:76] DEBUG: Mask: 1048576
[/Users/elijah/Desktop/diss/src/common/broadword.cpp:75] DEBUG: Word: 18446744073709551615
[/Users/elijah/Desktop/diss/src/common/broadword.cpp:76] DEBUG: Mask: 2097152
[/Users/elijah/Desktop/diss/src/common/broadword.cpp:75] DEBUG: Word: 18446744073709551615
[/Users/elijah/Desktop/diss/src/common/broadword.cpp:76] DEBUG: Mask: 4194304
[/Users/elijah/Desktop/diss/src/common/broadword.cpp:75] DEBUG: Word: 18446744073709551615
[/Users/elijah/Desktop/diss/src/common/broadword.cpp:76] DEBUG: Mask: 8388608
[/Users/elijah/Desktop/diss/src/common/broadword.cpp:75] DEBUG: Word: 18446744073709551615
[/Users/elijah/Desktop/diss/src/common/broadword.cpp:76] DEBUG: Mask: 16777216
[/Users/elijah/Desktop/diss/src/common/broadword.cpp:75] DEBUG: Word: 18446744073709551615
[/Users/elijah/Desktop/diss/src/common/broadword.cpp:76] DEBUG: Mask: 33554432
[/Users/elijah/Desktop/diss/src/common/broadword.cpp:75] DEBUG: Word: 18446744073709551615
[/Users/elijah/Desktop/diss/src/common/broadword.cpp:76] DEBUG: Mask: 67108864
[/Users/elijah/Desktop/diss/src/common/broadword.cpp:75] DEBUG: Word: 18446744073709551615
[/Users/elijah/Desktop/diss/src/common/broadword.cpp:76] DEBUG: Mask: 134217728
[/Users/elijah/Desktop/diss/src/common/broadword.cpp:75] DEBUG: Word: 18446744073709551615
[/Users/elijah/Desktop/diss/src/common/broadword.cpp:76] DEBUG: Mask: 268435456
[/Users/elijah/Desktop/diss/src/common/broadword.cpp:75] DEBUG: Word: 18446744073709551615
[/Users/elijah/Desktop/diss/src/common/broadword.cpp:76] DEBUG: Mask: 536870912
[/Users/elijah/Desktop/diss/src/common/broadword.cpp:75] DEBUG: Word: 18446744073709551615
[/Users/elijah/Desktop/diss/src/common/broadword.cpp:76] DEBUG: Mask: 1073741824
[/Users/elijah/Desktop/diss/src/common/broadword.cpp:75] DEBUG: Word: 18446744073709551615
[/Users/elijah/Desktop/diss/src/common/broadword.cpp:76] DEBUG: Mask: 2147483648
[/Users/elijah/Desktop/diss/src/common/broadword.cpp:75] DEBUG: Word: 18446744073709551615
[/Users/elijah/Desktop/diss/src/common/broadword.cpp:76] DEBUG: Mask: 4294967296
[/Users/elijah/Desktop/diss/src/common/broadword.cpp:75] DEBUG: Word: 18446744073709551615
[/Users/elijah/Desktop/diss/src/common/broadword.cpp:76] DEBUG: Mask: 8589934592
[/Users/elijah/Desktop/diss/src/common/broadword.cpp:75] DEBUG: Word: 18446744073709551615
[/Users/elijah/Desktop/diss/src/common/broadword.cpp:76] DEBUG: Mask: 17179869184
[/Users/elijah/Desktop/diss/src/common/broadword.cpp:75] DEBUG: Word: 18446744073709551615
[/Users/elijah/Desktop/diss/src/common/broadword.cpp:76] DEBUG: Mask: 34359738368
[/Users/elijah/Desktop/diss/src/common/broadword.cpp:75] DEBUG: Word: 18446744073709551615
[/Users/elijah/Desktop/diss/src/common/broadword.cpp:76] DEBUG: Mask: 68719476736
[/Users/elijah/Desktop/diss/src/common/broadword.cpp:75] DEBUG: Word: 18446744073709551615
[/Users/elijah/Desktop/diss/src/common/broadword.cpp:76] DEBUG: Mask: 137438953472
[/Users/elijah/Desktop/diss/src/common/broadword.cpp:75] DEBUG: Word: 18446744073709551615
[/Users/elijah/Desktop/diss/src/common/broadword.cpp:76] DEBUG: Mask: 274877906944
[/Users/elijah/Desktop/diss/src/common/broadword.cpp:75] DEBUG: Word: 18446744073709551615
[/Users/elijah/Desktop/diss/src/common/broadword.cpp:76] DEBUG: Mask: 549755813888
[/Users/elijah/Desktop/diss/src/common/broadword.cpp:75] DEBUG: Word: 18446744073709551615
[/Users/elijah/Desktop/diss/src/common/broadword.cpp:76] DEBUG: Mask: 1099511627776
[/Users/elijah/Desktop/diss/src/common/broadword.cpp:75] DEBUG: Word: 18446744073709551615
[/Users/elijah/Desktop/diss/src/common/broadword.cpp:76] DEBUG: Mask: 2199023255552
[/Users/elijah/Desktop/diss/src/common/broadword.cpp:75] DEBUG: Word: 18446744073709551615
[/Users/elijah/Desktop/diss/src/common/broadword.cpp:76] DEBUG: Mask: 4398046511104
[/Users/elijah/Desktop/diss/src/common/broadword.cpp:75] DEBUG: Word: 18446744073709551615
[/Users/elijah/Desktop/diss/src/common/broadword.cpp:76] DEBUG: Mask: 8796093022208
[/Users/elijah/Desktop/diss/src/common/broadword.cpp:75] DEBUG: Word: 18446744073709551615
[/Users/elijah/Desktop/diss/src/common/broadword.cpp:76] DEBUG: Mask: 17592186044416
[/Users/elijah/Desktop/diss/src/common/broadword.cpp:75] DEBUG: Word: 18446744073709551615
[/Users/elijah/Desktop/diss/src/common/broadword.cpp:76] DEBUG: Mask: 35184372088832
[/Users/elijah/Desktop/diss/src/common/broadword.cpp:75] DEBUG: Word: 18446744073709551615
[/Users/elijah/Desktop/diss/src/common/broadword.cpp:76] DEBUG: Mask: 70368744177664
[/Users/elijah/Desktop/diss/src/common/broadword.cpp:75] DEBUG: Word: 18446744073709551615
[/Users/elijah/Desktop/diss/src/common/broadword.cpp:76] DEBUG: Mask: 140737488355328
[/Users/elijah/Desktop/diss/src/common/broadword.cpp:75] DEBUG: Word: 18446744073709551615
[/Users/elijah/Desktop/diss/src/common/broadword.cpp:76] DEBUG: Mask: 281474976710656
[/Users/elijah/Desktop/diss/src/common/broadword.cpp:75] DEBUG: Word: 18446744073709551615
[/Users/elijah/Desktop/diss/src/common/broadword.cpp:76] DEBUG: Mask: 562949953421312
[/Users/elijah/Desktop/diss/src/common/broadword.cpp:75] DEBUG: Word: 18446744073709551615
[/Users/elijah/Desktop/diss/src/common/broadword.cpp:76] DEBUG: Mask: 1125899906842624
[/Users/elijah/Desktop/diss/src/common/broadword.cpp:75] DEBUG: Word: 18446744073709551615
[/Users/elijah/Desktop/diss/src/common/broadword.cpp:76] DEBUG: Mask: 2251799813685248
[/Users/elijah/Desktop/diss/src/common/broadword.cpp:75] DEBUG: Word: 18446744073709551615
[/Users/elijah/Desktop/diss/src/common/broadword.cpp:76] DEBUG: Mask: 4503599627370496
[/Users/elijah/Desktop/diss/src/common/broadword.cpp:75] DEBUG: Word: 18446744073709551615
[/Users/elijah/Desktop/diss/src/common/broadword.cpp:76] DEBUG: Mask: 9007199254740992
[/Users/elijah/Desktop/diss/src/common/broadword.cpp:75] DEBUG: Word: 18446744073709551615
[/Users/elijah/Desktop/diss/src/common/broadword.cpp:76] DEBUG: Mask: 18014398509481984
[/Users/elijah/Desktop/diss/src/common/broadword.cpp:75] DEBUG: Word: 18446744073709551615
[/Users/elijah/Desktop/diss/src/common/broadword.cpp:76] DEBUG: Mask: 36028797018963968
[/Users/elijah/Desktop/diss/src/common/broadword.cpp:75] DEBUG: Word: 18446744073709551615
[/Users/elijah/Desktop/diss/src/common/broadword.cpp:76] DEBUG: Mask: 72057594037927936
[/Users/elijah/Desktop/diss/src/common/broadword.cpp:75] DEBUG: Word: 18446744073709551615
[/Users/elijah/Desktop/diss/src/common/broadword.cpp:76] DEBUG: Mask: 144115188075855872
[/Users/elijah/Desktop/diss/src/common/broadword.cpp:75] DEBUG: Word: 18446744073709551615
[/Users/elijah/Desktop/diss/src/common/broadword.cpp:76] DEBUG: Mask: 288230376151711744
[/Users/elijah/Desktop/diss/src/common/broadword.cpp:75] DEBUG: Word: 18446744073709551615
[/Users/elijah/Desktop/diss/src/common/broadword.cpp:76] DEBUG: Mask: 576460752303423488
[/Users/elijah/Desktop/diss/src/common/broadword.cpp:75] DEBUG: Word: 18446744073709551615
[/Users/elijah/Desktop/diss/src/common/broadword.cpp:76] DEBUG: Mask: 1152921504606846976
[/Users/elijah/Desktop/diss/src/common/broadword.cpp:75] DEBUG: Word: 18446744073709551615
[/Users/elijah/Desktop/diss/src/common/broadword.cpp:76] DEBUG: Mask: 2305843009213693952
[/Users/elijah/Desktop/diss/src/common/broadword.cpp:75] DEBUG: Word: 18446744073709551615
[/Users/elijah/Desktop/diss/src/common/broadword.cpp:76] DEBUG: Mask: 4611686018427387904
[/Users/elijah/Desktop/diss/src/common/broadword.cpp:75] DEBUG: Word: 18446744073709551615
[/Users/elijah/Desktop/diss/src/common/broadword.cpp:76] DEBUG: Mask: 9223372036854775808
[/Users/elijah/Desktop/diss/src/common/broadword.cpp:72] DEBUG: Rank: 64
[/Users/elijah/Desktop/diss/src/common/broadword.cpp:75] DEBUG: Word: 18446744073709551615
[/Users/elijah/Desktop/diss/src/common/broadword.cpp:76] DEBUG: Mask: 1
[/Users/elijah/Desktop/diss/src/common/broadword.cpp:75] DEBUG: Word: 18446744073709551615
[/Users/elijah/Desktop/diss/src/common/broadword.cpp:76] DEBUG: Mask: 2
[/Users/elijah/Desktop/diss/src/common/broadword.cpp:75] DEBUG: Word: 18446744073709551615
[/Users/elijah/Desktop/diss/src/common/broadword.cpp:76] DEBUG: Mask: 4
[/Users/elijah/Desktop/diss/src/common/broadword.cpp:75] DEBUG: Word: 18446744073709551615
[/Users/elijah/Desktop/diss/src/common/broadword.cpp:76] DEBUG: Mask: 8
[/Users/elijah/Desktop/diss/src/common/broadword.cpp:75] DEBUG: Word: 18446744073709551615
[/Users/elijah/Desktop/diss/src/common/broadword.cpp:76] DEBUG: Mask: 16
[/Users/elijah/Desktop/diss/src/common/broadword.cpp:75] DEBUG: Word: 18446744073709551615
[/Users/elijah/Desktop/diss/src/common/broadword.cpp:76] DEBUG: Mask: 32
[/Users/elijah/Desktop/diss/src/common/broadword.cpp:75] DEBUG: Word: 18446744073709551615
[/Users/elijah/Desktop/diss/src/common/broadword.cpp:76] DEBUG: Mask: 64
[/Users/elijah/Desktop/diss/src/common/broadword.cpp:75] DEBUG: Word: 18446744073709551615
[/Users/elijah/Desktop/diss/src/common/broadword.cpp:76] DEBUG: Mask: 128
[/Users/elijah/Desktop/diss/src/common/broadword.cpp:75] DEBUG: Word: 18446744073709551615
[/Users/elijah/Desktop/diss/src/common/broadword.cpp:76] DEBUG: Mask: 256
[/Users/elijah/Desktop/diss/src/common/broadword.cpp:75] DEBUG: Word: 18446744073709551615
[/Users/elijah/Desktop/diss/src/common/broadword.cpp:76] DEBUG: Mask: 512
[/Users/elijah/Desktop/diss/src/common/broadword.cpp:75] DEBUG: Word: 18446744073709551615
[/Users/elijah/Desktop/diss/src/common/broadword.cpp:76] DEBUG: Mask: 1024
[/Users/elijah/Desktop/diss/src/common/broadword.cpp:75] DEBUG: Word: 18446744073709551615
[/Users/elijah/Desktop/diss/src/common/broadword.cpp:76] DEBUG: Mask: 2048
[/Users/elijah/Desktop/diss/src/common/broadword.cpp:75] DEBUG: Word: 18446744073709551615
[/Users/elijah/Desktop/diss/src/common/broadword.cpp:76] DEBUG: Mask: 4096
[/Users/elijah/Desktop/diss/src/common/broadword.cpp:75] DEBUG: Word: 18446744073709551615
[/Users/elijah/Desktop/diss/src/common/broadword.cpp:76] DEBUG: Mask: 8192
[/Users/elijah/Desktop/diss/src/common/broadword.cpp:75] DEBUG: Word: 18446744073709551615
[/Users/elijah/Desktop/diss/src/common/broadword.cpp:76] DEBUG: Mask: 16384
[/Users/elijah/Desktop/diss/src/common/broadword.cpp:75] DEBUG: Word: 18446744073709551615
[/Users/elijah/Desktop/diss/src/common/broadword.cpp:76] DEBUG: Mask: 32768
[/Users/elijah/Desktop/diss/src/common/broadword.cpp:75] DEBUG: Word: 18446744073709551615
[/Users/elijah/Desktop/diss/src/common/broadword.cpp:76] DEBUG: Mask: 65536
[/Users/elijah/Desktop/diss/src/common/broadword.cpp:75] DEBUG: Word: 18446744073709551615
[/Users/elijah/Desktop/diss/src/common/broadword.cpp:76] DEBUG: Mask: 131072
[/Users/elijah/Desktop/diss/src/common/broadword.cpp:75] DEBUG: Word: 18446744073709551615
[/Users/elijah/Desktop/diss/src/common/broadword.cpp:76] DEBUG: Mask: 262144
[/Users/elijah/Desktop/diss/src/common/broadword.cpp:75] DEBUG: Word: 18446744073709551615
[/Users/elijah/Desktop/diss/src/common/broadword.cpp:76] DEBUG: Mask: 524288
[/Users/elijah/Desktop/diss/src/common/broadword.cpp:75] DEBUG: Word: 18446744073709551615
[/Users/elijah/Desktop/diss/src/common/broadword.cpp:76] DEBUG: Mask: 1048576
[/Users/elijah/Desktop/diss/src/common/broadword.cpp:75] DEBUG: Word: 18446744073709551615
[/Users/elijah/Desktop/diss/src/common/broadword.cpp:76] DEBUG: Mask: 2097152
[/Users/elijah/Desktop/diss/src/common/broadword.cpp:75] DEBUG: Word: 18446744073709551615
[/Users/elijah/Desktop/diss/src/common/broadword.cpp:76] DEBUG: Mask: 4194304
[/Users/elijah/Desktop/diss/src/common/broadword.cpp:75] DEBUG: Word: 18446744073709551615
[/Users/elijah/Desktop/diss/src/common/broadword.cpp:76] DEBUG: Mask: 8388608
[/Users/elijah/Desktop/diss/src/common/broadword.cpp:75] DEBUG: Word: 18446744073709551615
[/Users/elijah/Desktop/diss/src/common/broadword.cpp:76] DEBUG: Mask: 16777216
[/Users/elijah/Desktop/diss/src/common/broadword.cpp:75] DEBUG: Word: 18446744073709551615
[/Users/elijah/Desktop/diss/src/common/broadword.cpp:76] DEBUG: Mask: 33554432
[/Users/elijah/Desktop/diss/src/common/broadword.cpp:75] DEBUG: Word: 18446744073709551615
[/Users/elijah/Desktop/diss/src/common/broadword.cpp:76] DEBUG: Mask: 67108864
[/Users/elijah/Desktop/diss/src/common/broadword.cpp:75] DEBUG: Word: 18446744073709551615
[/Users/elijah/Desktop/diss/src/common/broadword.cpp:76] DEBUG: Mask: 134217728
[/Users/elijah/Desktop/diss/src/common/broadword.cpp:75] DEBUG: Word: 18446744073709551615
[/Users/elijah/Desktop/diss/src/common/broadword.cpp:76] DEBUG: Mask: 268435456
[/Users/elijah/Desktop/diss/src/common/broadword.cpp:75] DEBUG: Word: 18446744073709551615
[/Users/elijah/Desktop/diss/src/common/broadword.cpp:76] DEBUG: Mask: 536870912
[/Users/elijah/Desktop/diss/src/common/broadword.cpp:75] DEBUG: Word: 18446744073709551615
[/Users/elijah/Desktop/diss/src/common/broadword.cpp:76] DEBUG: Mask: 1073741824
[/Users/elijah/Desktop/diss/src/common/broadword.cpp:75] DEBUG: Word: 18446744073709551615
[/Users/elijah/Desktop/diss/src/common/broadword.cpp:76] DEBUG: Mask: 2147483648
[/Users/elijah/Desktop/diss/src/common/broadword.cpp:75] DEBUG: Word: 18446744073709551615
[/Users/elijah/Desktop/diss/src/common/broadword.cpp:76] DEBUG: Mask: 4294967296
[/Users/elijah/Desktop/diss/src/common/broadword.cpp:75] DEBUG: Word: 18446744073709551615
[/Users/elijah/Desktop/diss/src/common/broadword.cpp:76] DEBUG: Mask: 8589934592
[/Users/elijah/Desktop/diss/src/common/broadword.cpp:75] DEBUG: Word: 18446744073709551615
[/Users/elijah/Desktop/diss/src/common/broadword.cpp:76] DEBUG: Mask: 17179869184
[/Users/elijah/Desktop/diss/src/common/broadword.cpp:75] DEBUG: Word: 18446744073709551615
[/Users/elijah/Desktop/diss/src/common/broadword.cpp:76] DEBUG: Mask: 34359738368
[/Users/elijah/Desktop/diss/src/common/broadword.cpp:75] DEBUG: Word: 18446744073709551615
[/Users/elijah/Desktop/diss/src/common/broadword.cpp:76] DEBUG: Mask: 68719476736
[/Users/elijah/Desktop/diss/src/common/broadword.cpp:75] DEBUG: Word: 18446744073709551615
[/Users/elijah/Desktop/diss/src/common/broadword.cpp:76] DEBUG: Mask: 137438953472
[/Users/elijah/Desktop/diss/src/common/broadword.cpp:75] DEBUG: Word: 18446744073709551615
[/Users/elijah/Desktop/diss/src/common/broadword.cpp:76] DEBUG: Mask: 274877906944
[/Users/elijah/Desktop/diss/src/common/broadword.cpp:75] DEBUG: Word: 18446744073709551615
[/Users/elijah/Desktop/diss/src/common/broadword.cpp:76] DEBUG: Mask: 549755813888
[/Users/elijah/Desktop/diss/src/common/broadword.cpp:75] DEBUG: Word: 18446744073709551615
[/Users/elijah/Desktop/diss/src/common/broadword.cpp:76] DEBUG: Mask: 1099511627776
[/Users/elijah/Desktop/diss/src/common/broadword.cpp:75] DEBUG: Word: 18446744073709551615
[/Users/elijah/Desktop/diss/src/common/broadword.cpp:76] DEBUG: Mask: 2199023255552
[/Users/elijah/Desktop/diss/src/common/broadword.cpp:75] DEBUG: Word: 18446744073709551615
[/Users/elijah/Desktop/diss/src/common/broadword.cpp:76] DEBUG: Mask: 4398046511104
[/Users/elijah/Desktop/diss/src/common/broadword.cpp:75] DEBUG: Word: 18446744073709551615
[/Users/elijah/Desktop/diss/src/common/broadword.cpp:76] DEBUG: Mask: 8796093022208
[/Users/elijah/Desktop/diss/src/common/broadword.cpp:75] DEBUG: Word: 18446744073709551615
[/Users/elijah/Desktop/diss/src/common/broadword.cpp:76] DEBUG: Mask: 17592186044416
[/Users/elijah/Desktop/diss/src/common/broadword.cpp:75] DEBUG: Word: 18446744073709551615
[/Users/elijah/Desktop/diss/src/common/broadword.cpp:76] DEBUG: Mask: 35184372088832
[/Users/elijah/Desktop/diss/src/common/broadword.cpp:75] DEBUG: Word: 18446744073709551615
[/Users/elijah/Desktop/diss/src/common/broadword.cpp:76] DEBUG: Mask: 70368744177664
[/Users/elijah/Desktop/diss/src/common/broadword.cpp:75] DEBUG: Word: 18446744073709551615
[/Users/elijah/Desktop/diss/src/common/broadword.cpp:76] DEBUG: Mask: 140737488355328
[/Users/elijah/Desktop/diss/src/common/broadword.cpp:75] DEBUG: Word: 18446744073709551615
[/Users/elijah/Desktop/diss/src/common/broadword.cpp:76] DEBUG: Mask: 281474976710656
[/Users/elijah/Desktop/diss/src/common/broadword.cpp:75] DEBUG: Word: 18446744073709551615
[/Users/elijah/Desktop/diss/src/common/broadword.cpp:76] DEBUG: Mask: 562949953421312
[/Users/elijah/Desktop/diss/src/common/broadword.cpp:75] DEBUG: Word: 18446744073709551615
[/Users/elijah/Desktop/diss/src/common/broadword.cpp:76] DEBUG: Mask: 1125899906842624
[/Users/elijah/Desktop/diss/src/common/broadword.cpp:75] DEBUG: Word: 18446744073709551615
[/Users/elijah/Desktop/diss/src/common/broadword.cpp:76] DEBUG: Mask: 2251799813685248
[/Users/elijah/Desktop/diss/src/common/broadword.cpp:75] DEBUG: Word: 18446744073709551615
[/Users/elijah/Desktop/diss/src/common/broadword.cpp:76] DEBUG: Mask: 4503599627370496
[/Users/elijah/Desktop/diss/src/common/broadword.cpp:75] DEBUG: Word: 18446744073709551615
[/Users/elijah/Desktop/diss/src/common/broadword.cpp:76] DEBUG: Mask: 9007199254740992
[/Users/elijah/Desktop/diss/src/common/broadword.cpp:75] DEBUG: Word: 18446744073709551615
[/Users/elijah/Desktop/diss/src/common/broadword.cpp:76] DEBUG: Mask: 18014398509481984
[/Users/elijah/Desktop/diss/src/common/broadword.cpp:75] DEBUG: Word: 18446744073709551615
[/Users/elijah/Desktop/diss/src/common/broadword.cpp:76] DEBUG: Mask: 36028797018963968
[/Users/elijah/Desktop/diss/src/common/broadword.cpp:75] DEBUG: Word: 18446744073709551615
[/Users/elijah/Desktop/diss/src/common/broadword.cpp:76] DEBUG: Mask: 72057594037927936
[/Users/elijah/Desktop/diss/src/common/broadword.cpp:75] DEBUG: Word: 18446744073709551615
[/Users/elijah/Desktop/diss/src/common/broadword.cpp:76] DEBUG: Mask: 144115188075855872
[/Users/elijah/Desktop/diss/src/common/broadword.cpp:75] DEBUG: Word: 18446744073709551615
[/Users/elijah/Desktop/diss/src/common/broadword.cpp:76] DEBUG: Mask: 288230376151711744
[/Users/elijah/Desktop/diss/src/common/broadword.cpp:75] DEBUG: Word: 18446744073709551615
[/Users/elijah/Desktop/diss/src/common/broadword.cpp:76] DEBUG: Mask: 576460752303423488
[/Users/elijah/Desktop/diss/src/common/broadword.cpp:75] DEBUG: Word: 18446744073709551615
[/Users/elijah/Desktop/diss/src/common/broadword.cpp:76] DEBUG: Mask: 1152921504606846976
[/Users/elijah/Desktop/diss/src/common/broadword.cpp:75] DEBUG: Word: 18446744073709551615
[/Users/elijah/Desktop/diss/src/common/broadword.cpp:76] DEBUG: Mask: 2305843009213693952
[/Users/elijah/Desktop/diss/src/common/broadword.cpp:75] DEBUG: Word: 18446744073709551615
[/Users/elijah/Desktop/diss/src/common/broadword.cpp:76] DEBUG: Mask: 4611686018427387904
[/Users/elijah/Desktop/diss/src/common/broadword.cpp:75] DEBUG: Word: 18446744073709551615
[/Users/elijah/Desktop/diss/src/common/broadword.cpp:76] DEBUG: Mask: 9223372036854775808
[/Users/elijah/Desktop/diss/src/common/broadword.cpp:91] DEBUG: Primary Inventory: 1 65 129 
[/Users/elijah/Desktop/diss/src/common/broadword.cpp:92] DEBUG: Secondary Inventory: 0 4 8 12 16 20 24 28 32 36 40 44 48 52 56 60 0 4 8 12 16 20 24 28 32 36 40 44 48 52 56 60 129 
[/Users/elijah/Desktop/diss/src/common/broadword.cpp:15] DEBUG: Inventories Built
[/Users/elijah/Desktop/diss/src/common/broadword.cpp:101] DEBUG: Primary Index: 0
[/Users/elijah/Desktop/diss/src/common/broadword.cpp:103] DEBUG: Current Rank: 1
[/Users/elijah/Desktop/diss/src/common/broadword.cpp:113] DEBUG: Primary Index: 0
[/Users/elijah/Desktop/diss/src/common/broadword.cpp:114] DEBUG: Current Rank: 1
[/Users/elijah/Desktop/diss/src/common/broadword.cpp:117] DEBUG: Rank Left: 2
[/Users/elijah/Desktop/diss/src/common/broadword.cpp:123] DEBUG: Secondary Index: 0
[/Users/elijah/Desktop/diss/src/common/broadword.cpp:125] DEBUG: Secondary Rank: 0
[/Users/elijah/Desktop/diss/src/common/broadword.cpp:130] DEBUG: Secondary Index: 1
[/Users/elijah/Desktop/diss/src/common/broadword.cpp:132] DEBUG: Secondary Rank: 4
[/Users/elijah/Desktop/diss/src/common/broadword.cpp:138] DEBUG: Gap: 2
[/Users/elijah/Desktop/diss/src/common/broadword.cpp:142] DEBUG: Secondary Index: 0
[/Users/elijah/Desktop/diss/src/common/broadword.cpp:143] DEBUG: Secondary Rank: 0
[/Users/elijah/Desktop/diss/src/common/broadword.cpp:154] DEBUG: Bit Search, Current Pos: 0
[/Users/elijah/Desktop/diss/src/common/broadword.cpp:155] DEBUG: Rank Left: 2
[/Users/elijah/Desktop/diss/src/common/broadword.cpp:157] DEBUG: Word Index: 0
[/Users/elijah/Desktop/diss/src/common/broadword.cpp:159] DEBUG: Bit Index: 0
[/Users/elijah/Desktop/diss/src/common/broadword.cpp:165] DEBUG: Masked Word: 1111111111111111111111111111111111111111111111111111111111111110
[/Users/elijah/Desktop/diss/src/common/broadword.cpp:167] DEBUG: Masked Word: 1111111111111111111111111111111111111111111111111111111111111110
[/Users/elijah/Desktop/diss/src/common/broadword.cpp:183] DEBUG: i: 1
[/Users/elijah/Desktop/diss/src/common/broadword.cpp:185] DEBUG: r: 1
[/Users/elijah/Desktop/diss/src/common/broadword.cpp:183] DEBUG: i: 2
[/Users/elijah/Desktop/diss/src/common/broadword.cpp:185] DEBUG: r: 0
[       OK ] SimpleSelectTest.AllSetBitSearch (0 ms)
[ RUN      ] SimpleSelectTest.AllSetZero
[/Users/elijah/Desktop/diss/src/common/broadword.cpp:51] DEBUG: Data: 18446744073709551615 18446744073709551615 
[/Users/elijah/Desktop/diss/src/common/broadword.cpp:52] DEBUG: L: 64
[/Users/elijah/Desktop/diss/src/common/broadword.cpp:53] DEBUG: M: 4
[/Users/elijah/Desktop/diss/src/common/broadword.cpp:60] DEBUG: Set Bits: 128
[/Users/elijah/Desktop/diss/src/common/broadword.cpp:61] DEBUG: Total Bits: 128
[/Users/elijah/Desktop/diss/src/common/broadword.cpp:66] DEBUG: L Spacing: 64
[/Users/elijah/Desktop/diss/src/common/broadword.cpp:67] DEBUG: M Spacing: 4
[/Users/elijah/Desktop/diss/src/common/broadword.cpp:72] DEBUG: Rank: 0
[/Users/elijah/Desktop/diss/src/common/broadword.cpp:75] DEBUG: Word: 18446744073709551615
[/Users/elijah/Desktop/diss/src/common/broadword.cpp:76] DEBUG: Mask: 1
[/Users/elijah/Desktop/diss/src/common/broadword.cpp:75] DEBUG: Word: 18446744073709551615
[/Users/elijah/Desktop/diss/src/common/broadword.cpp:76] DEBUG: Mask: 2
[/Users/elijah/Desktop/diss/src/common/broadword.cpp:75] DEBUG: Word: 18446744073709551615
[/Users/elijah/Desktop/diss/src/common/broadword.cpp:76] DEBUG: Mask: 4
[/Users/elijah/Desktop/diss/src/common/broadword.cpp:75] DEBUG: Word: 18446744073709551615
[/Users/elijah/Desktop/diss/src/common/broadword.cpp:76] DEBUG: Mask: 8
[/Users/elijah/Desktop/diss/src/common/broadword.cpp:75] DEBUG: Word: 18446744073709551615
[/Users/elijah/Desktop/diss/src/common/broadword.cpp:76] DEBUG: Mask: 16
[/Users/elijah/Desktop/diss/src/common/broadword.cpp:75] DEBUG: Word: 18446744073709551615
[/Users/elijah/Desktop/diss/src/common/broadword.cpp:76] DEBUG: Mask: 32
[/Users/elijah/Desktop/diss/src/common/broadword.cpp:75] DEBUG: Word: 18446744073709551615
[/Users/elijah/Desktop/diss/src/common/broadword.cpp:76] DEBUG: Mask: 64
[/Users/elijah/Desktop/diss/src/common/broadword.cpp:75] DEBUG: Word: 18446744073709551615
[/Users/elijah/Desktop/diss/src/common/broadword.cpp:76] DEBUG: Mask: 128
[/Users/elijah/Desktop/diss/src/common/broadword.cpp:75] DEBUG: Word: 18446744073709551615
[/Users/elijah/Desktop/diss/src/common/broadword.cpp:76] DEBUG: Mask: 256
[/Users/elijah/Desktop/diss/src/common/broadword.cpp:75] DEBUG: Word: 18446744073709551615
[/Users/elijah/Desktop/diss/src/common/broadword.cpp:76] DEBUG: Mask: 512
[/Users/elijah/Desktop/diss/src/common/broadword.cpp:75] DEBUG: Word: 18446744073709551615
[/Users/elijah/Desktop/diss/src/common/broadword.cpp:76] DEBUG: Mask: 1024
[/Users/elijah/Desktop/diss/src/common/broadword.cpp:75] DEBUG: Word: 18446744073709551615
[/Users/elijah/Desktop/diss/src/common/broadword.cpp:76] DEBUG: Mask: 2048
[/Users/elijah/Desktop/diss/src/common/broadword.cpp:75] DEBUG: Word: 18446744073709551615
[/Users/elijah/Desktop/diss/src/common/broadword.cpp:76] DEBUG: Mask: 4096
[/Users/elijah/Desktop/diss/src/common/broadword.cpp:75] DEBUG: Word: 18446744073709551615
[/Users/elijah/Desktop/diss/src/common/broadword.cpp:76] DEBUG: Mask: 8192
[/Users/elijah/Desktop/diss/src/common/broadword.cpp:75] DEBUG: Word: 18446744073709551615
[/Users/elijah/Desktop/diss/src/common/broadword.cpp:76] DEBUG: Mask: 16384
[/Users/elijah/Desktop/diss/src/common/broadword.cpp:75] DEBUG: Word: 18446744073709551615
[/Users/elijah/Desktop/diss/src/common/broadword.cpp:76] DEBUG: Mask: 32768
[/Users/elijah/Desktop/diss/src/common/broadword.cpp:75] DEBUG: Word: 18446744073709551615
[/Users/elijah/Desktop/diss/src/common/broadword.cpp:76] DEBUG: Mask: 65536
[/Users/elijah/Desktop/diss/src/common/broadword.cpp:75] DEBUG: Word: 18446744073709551615
[/Users/elijah/Desktop/diss/src/common/broadword.cpp:76] DEBUG: Mask: 131072
[/Users/elijah/Desktop/diss/src/common/broadword.cpp:75] DEBUG: Word: 18446744073709551615
[/Users/elijah/Desktop/diss/src/common/broadword.cpp:76] DEBUG: Mask: 262144
[/Users/elijah/Desktop/diss/src/common/broadword.cpp:75] DEBUG: Word: 18446744073709551615
[/Users/elijah/Desktop/diss/src/common/broadword.cpp:76] DEBUG: Mask: 524288
[/Users/elijah/Desktop/diss/src/common/broadword.cpp:75] DEBUG: Word: 18446744073709551615
[/Users/elijah/Desktop/diss/src/common/broadword.cpp:76] DEBUG: Mask: 1048576
[/Users/elijah/Desktop/diss/src/common/broadword.cpp:75] DEBUG: Word: 18446744073709551615
[/Users/elijah/Desktop/diss/src/common/broadword.cpp:76] DEBUG: Mask: 2097152
[/Users/elijah/Desktop/diss/src/common/broadword.cpp:75] DEBUG: Word: 18446744073709551615
[/Users/elijah/Desktop/diss/src/common/broadword.cpp:76] DEBUG: Mask: 4194304
[/Users/elijah/Desktop/diss/src/common/broadword.cpp:75] DEBUG: Word: 18446744073709551615
[/Users/elijah/Desktop/diss/src/common/broadword.cpp:76] DEBUG: Mask: 8388608
[/Users/elijah/Desktop/diss/src/common/broadword.cpp:75] DEBUG: Word: 18446744073709551615
[/Users/elijah/Desktop/diss/src/common/broadword.cpp:76] DEBUG: Mask: 16777216
[/Users/elijah/Desktop/diss/src/common/broadword.cpp:75] DEBUG: Word: 18446744073709551615
[/Users/elijah/Desktop/diss/src/common/broadword.cpp:76] DEBUG: Mask: 33554432
[/Users/elijah/Desktop/diss/src/common/broadword.cpp:75] DEBUG: Word: 18446744073709551615
[/Users/elijah/Desktop/diss/src/common/broadword.cpp:76] DEBUG: Mask: 67108864
[/Users/elijah/Desktop/diss/src/common/broadword.cpp:75] DEBUG: Word: 18446744073709551615
[/Users/elijah/Desktop/diss/src/common/broadword.cpp:76] DEBUG: Mask: 134217728
[/Users/elijah/Desktop/diss/src/common/broadword.cpp:75] DEBUG: Word: 18446744073709551615
[/Users/elijah/Desktop/diss/src/common/broadword.cpp:76] DEBUG: Mask: 268435456
[/Users/elijah/Desktop/diss/src/common/broadword.cpp:75] DEBUG: Word: 18446744073709551615
[/Users/elijah/Desktop/diss/src/common/broadword.cpp:76] DEBUG: Mask: 536870912
[/Users/elijah/Desktop/diss/src/common/broadword.cpp:75] DEBUG: Word: 18446744073709551615
[/Users/elijah/Desktop/diss/src/common/broadword.cpp:76] DEBUG: Mask: 1073741824
[/Users/elijah/Desktop/diss/src/common/broadword.cpp:75] DEBUG: Word: 18446744073709551615
[/Users/elijah/Desktop/diss/src/common/broadword.cpp:76] DEBUG: Mask: 2147483648
[/Users/elijah/Desktop/diss/src/common/broadword.cpp:75] DEBUG: Word: 18446744073709551615
[/Users/elijah/Desktop/diss/src/common/broadword.cpp:76] DEBUG: Mask: 4294967296
[/Users/elijah/Desktop/diss/src/common/broadword.cpp:75] DEBUG: Word: 18446744073709551615
[/Users/elijah/Desktop/diss/src/common/broadword.cpp:76] DEBUG: Mask: 8589934592
[/Users/elijah/Desktop/diss/src/common/broadword.cpp:75] DEBUG: Word: 18446744073709551615
[/Users/elijah/Desktop/diss/src/common/broadword.cpp:76] DEBUG: Mask: 17179869184
[/Users/elijah/Desktop/diss/src/common/broadword.cpp:75] DEBUG: Word: 18446744073709551615
[/Users/elijah/Desktop/diss/src/common/broadword.cpp:76] DEBUG: Mask: 34359738368
[/Users/elijah/Desktop/diss/src/common/broadword.cpp:75] DEBUG: Word: 18446744073709551615
[/Users/elijah/Desktop/diss/src/common/broadword.cpp:76] DEBUG: Mask: 68719476736
[/Users/elijah/Desktop/diss/src/common/broadword.cpp:75] DEBUG: Word: 18446744073709551615
[/Users/elijah/Desktop/diss/src/common/broadword.cpp:76] DEBUG: Mask: 137438953472
[/Users/elijah/Desktop/diss/src/common/broadword.cpp:75] DEBUG: Word: 18446744073709551615
[/Users/elijah/Desktop/diss/src/common/broadword.cpp:76] DEBUG: Mask: 274877906944
[/Users/elijah/Desktop/diss/src/common/broadword.cpp:75] DEBUG: Word: 18446744073709551615
[/Users/elijah/Desktop/diss/src/common/broadword.cpp:76] DEBUG: Mask: 549755813888
[/Users/elijah/Desktop/diss/src/common/broadword.cpp:75] DEBUG: Word: 18446744073709551615
[/Users/elijah/Desktop/diss/src/common/broadword.cpp:76] DEBUG: Mask: 1099511627776
[/Users/elijah/Desktop/diss/src/common/broadword.cpp:75] DEBUG: Word: 18446744073709551615
[/Users/elijah/Desktop/diss/src/common/broadword.cpp:76] DEBUG: Mask: 2199023255552
[/Users/elijah/Desktop/diss/src/common/broadword.cpp:75] DEBUG: Word: 18446744073709551615
[/Users/elijah/Desktop/diss/src/common/broadword.cpp:76] DEBUG: Mask: 4398046511104
[/Users/elijah/Desktop/diss/src/common/broadword.cpp:75] DEBUG: Word: 18446744073709551615
[/Users/elijah/Desktop/diss/src/common/broadword.cpp:76] DEBUG: Mask: 8796093022208
[/Users/elijah/Desktop/diss/src/common/broadword.cpp:75] DEBUG: Word: 18446744073709551615
[/Users/elijah/Desktop/diss/src/common/broadword.cpp:76] DEBUG: Mask: 17592186044416
[/Users/elijah/Desktop/diss/src/common/broadword.cpp:75] DEBUG: Word: 18446744073709551615
[/Users/elijah/Desktop/diss/src/common/broadword.cpp:76] DEBUG: Mask: 35184372088832
[/Users/elijah/Desktop/diss/src/common/broadword.cpp:75] DEBUG: Word: 18446744073709551615
[/Users/elijah/Desktop/diss/src/common/broadword.cpp:76] DEBUG: Mask: 70368744177664
[/Users/elijah/Desktop/diss/src/common/broadword.cpp:75] DEBUG: Word: 18446744073709551615
[/Users/elijah/Desktop/diss/src/common/broadword.cpp:76] DEBUG: Mask: 140737488355328
[/Users/elijah/Desktop/diss/src/common/broadword.cpp:75] DEBUG: Word: 18446744073709551615
[/Users/elijah/Desktop/diss/src/common/broadword.cpp:76] DEBUG: Mask: 281474976710656
[/Users/elijah/Desktop/diss/src/common/broadword.cpp:75] DEBUG: Word: 18446744073709551615
[/Users/elijah/Desktop/diss/src/common/broadword.cpp:76] DEBUG: Mask: 562949953421312
[/Users/elijah/Desktop/diss/src/common/broadword.cpp:75] DEBUG: Word: 18446744073709551615
[/Users/elijah/Desktop/diss/src/common/broadword.cpp:76] DEBUG: Mask: 1125899906842624
[/Users/elijah/Desktop/diss/src/common/broadword.cpp:75] DEBUG: Word: 18446744073709551615
[/Users/elijah/Desktop/diss/src/common/broadword.cpp:76] DEBUG: Mask: 2251799813685248
[/Users/elijah/Desktop/diss/src/common/broadword.cpp:75] DEBUG: Word: 18446744073709551615
[/Users/elijah/Desktop/diss/src/common/broadword.cpp:76] DEBUG: Mask: 4503599627370496
[/Users/elijah/Desktop/diss/src/common/broadword.cpp:75] DEBUG: Word: 18446744073709551615
[/Users/elijah/Desktop/diss/src/common/broadword.cpp:76] DEBUG: Mask: 9007199254740992
[/Users/elijah/Desktop/diss/src/common/broadword.cpp:75] DEBUG: Word: 18446744073709551615
[/Users/elijah/Desktop/diss/src/common/broadword.cpp:76] DEBUG: Mask: 18014398509481984
[/Users/elijah/Desktop/diss/src/common/broadword.cpp:75] DEBUG: Word: 18446744073709551615
[/Users/elijah/Desktop/diss/src/common/broadword.cpp:76] DEBUG: Mask: 36028797018963968
[/Users/elijah/Desktop/diss/src/common/broadword.cpp:75] DEBUG: Word: 18446744073709551615
[/Users/elijah/Desktop/diss/src/common/broadword.cpp:76] DEBUG: Mask: 72057594037927936
[/Users/elijah/Desktop/diss/src/common/broadword.cpp:75] DEBUG: Word: 18446744073709551615
[/Users/elijah/Desktop/diss/src/common/broadword.cpp:76] DEBUG: Mask: 144115188075855872
[/Users/elijah/Desktop/diss/src/common/broadword.cpp:75] DEBUG: Word: 18446744073709551615
[/Users/elijah/Desktop/diss/src/common/broadword.cpp:76] DEBUG: Mask: 288230376151711744
[/Users/elijah/Desktop/diss/src/common/broadword.cpp:75] DEBUG: Word: 18446744073709551615
[/Users/elijah/Desktop/diss/src/common/broadword.cpp:76] DEBUG: Mask: 576460752303423488
[/Users/elijah/Desktop/diss/src/common/broadword.cpp:75] DEBUG: Word: 18446744073709551615
[/Users/elijah/Desktop/diss/src/common/broadword.cpp:76] DEBUG: Mask: 1152921504606846976
[/Users/elijah/Desktop/diss/src/common/broadword.cpp:75] DEBUG: Word: 18446744073709551615
[/Users/elijah/Desktop/diss/src/common/broadword.cpp:76] DEBUG: Mask: 2305843009213693952
[/Users/elijah/Desktop/diss/src/common/broadword.cpp:75] DEBUG: Word: 18446744073709551615
[/Users/elijah/Desktop/diss/src/common/broadword.cpp:76] DEBUG: Mask: 4611686018427387904
[/Users/elijah/Desktop/diss/src/common/broadword.cpp:75] DEBUG: Word: 18446744073709551615
[/Users/elijah/Desktop/diss/src/common/broadword.cpp:76] DEBUG: Mask: 9223372036854775808
[/Users/elijah/Desktop/diss/src/common/broadword.cpp:72] DEBUG: Rank: 64
[/Users/elijah/Desktop/diss/src/common/broadword.cpp:75] DEBUG: Word: 18446744073709551615
[/Users/elijah/Desktop/diss/src/common/broadword.cpp:76] DEBUG: Mask: 1
[/Users/elijah/Desktop/diss/src/common/broadword.cpp:75] DEBUG: Word: 18446744073709551615
[/Users/elijah/Desktop/diss/src/common/broadword.cpp:76] DEBUG: Mask: 2
[/Users/elijah/Desktop/diss/src/common/broadword.cpp:75] DEBUG: Word: 18446744073709551615
[/Users/elijah/Desktop/diss/src/common/broadword.cpp:76] DEBUG: Mask: 4
[/Users/elijah/Desktop/diss/src/common/broadword.cpp:75] DEBUG: Word: 18446744073709551615
[/Users/elijah/Desktop/diss/src/common/broadword.cpp:76] DEBUG: Mask: 8
[/Users/elijah/Desktop/diss/src/common/broadword.cpp:75] DEBUG: Word: 18446744073709551615
[/Users/elijah/Desktop/diss/src/common/broadword.cpp:76] DEBUG: Mask: 16
[/Users/elijah/Desktop/diss/src/common/broadword.cpp:75] DEBUG: Word: 18446744073709551615
[/Users/elijah/Desktop/diss/src/common/broadword.cpp:76] DEBUG: Mask: 32
[/Users/elijah/Desktop/diss/src/common/broadword.cpp:75] DEBUG: Word: 18446744073709551615
[/Users/elijah/Desktop/diss/src/common/broadword.cpp:76] DEBUG: Mask: 64
[/Users/elijah/Desktop/diss/src/common/broadword.cpp:75] DEBUG: Word: 18446744073709551615
[/Users/elijah/Desktop/diss/src/common/broadword.cpp:76] DEBUG: Mask: 128
[/Users/elijah/Desktop/diss/src/common/broadword.cpp:75] DEBUG: Word: 18446744073709551615
[/Users/elijah/Desktop/diss/src/common/broadword.cpp:76] DEBUG: Mask: 256
[/Users/elijah/Desktop/diss/src/common/broadword.cpp:75] DEBUG: Word: 18446744073709551615
[/Users/elijah/Desktop/diss/src/common/broadword.cpp:76] DEBUG: Mask: 512
[/Users/elijah/Desktop/diss/src/common/broadword.cpp:75] DEBUG: Word: 18446744073709551615
[/Users/elijah/Desktop/diss/src/common/broadword.cpp:76] DEBUG: Mask: 1024
[/Users/elijah/Desktop/diss/src/common/broadword.cpp:75] DEBUG: Word: 18446744073709551615
[/Users/elijah/Desktop/diss/src/common/broadword.cpp:76] DEBUG: Mask: 2048
[/Users/elijah/Desktop/diss/src/common/broadword.cpp:75] DEBUG: Word: 18446744073709551615
[/Users/elijah/Desktop/diss/src/common/broadword.cpp:76] DEBUG: Mask: 4096
[/Users/elijah/Desktop/diss/src/common/broadword.cpp:75] DEBUG: Word: 18446744073709551615
[/Users/elijah/Desktop/diss/src/common/broadword.cpp:76] DEBUG: Mask: 8192
[/Users/elijah/Desktop/diss/src/common/broadword.cpp:75] DEBUG: Word: 18446744073709551615
[/Users/elijah/Desktop/diss/src/common/broadword.cpp:76] DEBUG: Mask: 16384
[/Users/elijah/Desktop/diss/src/common/broadword.cpp:75] DEBUG: Word: 18446744073709551615
[/Users/elijah/Desktop/diss/src/common/broadword.cpp:76] DEBUG: Mask: 32768
[/Users/elijah/Desktop/diss/src/common/broadword.cpp:75] DEBUG: Word: 18446744073709551615
[/Users/elijah/Desktop/diss/src/common/broadword.cpp:76] DEBUG: Mask: 65536
[/Users/elijah/Desktop/diss/src/common/broadword.cpp:75] DEBUG: Word: 18446744073709551615
[/Users/elijah/Desktop/diss/src/common/broadword.cpp:76] DEBUG: Mask: 131072
[/Users/elijah/Desktop/diss/src/common/broadword.cpp:75] DEBUG: Word: 18446744073709551615
[/Users/elijah/Desktop/diss/src/common/broadword.cpp:76] DEBUG: Mask: 262144
[/Users/elijah/Desktop/diss/src/common/broadword.cpp:75] DEBUG: Word: 18446744073709551615
[/Users/elijah/Desktop/diss/src/common/broadword.cpp:76] DEBUG: Mask: 524288
[/Users/elijah/Desktop/diss/src/common/broadword.cpp:75] DEBUG: Word: 18446744073709551615
[/Users/elijah/Desktop/diss/src/common/broadword.cpp:76] DEBUG: Mask: 1048576
[/Users/elijah/Desktop/diss/src/common/broadword.cpp:75] DEBUG: Word: 18446744073709551615
[/Users/elijah/Desktop/diss/src/common/broadword.cpp:76] DEBUG: Mask: 2097152
[/Users/elijah/Desktop/diss/src/common/broadword.cpp:75] DEBUG: Word: 18446744073709551615
[/Users/elijah/Desktop/diss/src/common/broadword.cpp:76] DEBUG: Mask: 4194304
[/Users/elijah/Desktop/diss/src/common/broadword.cpp:75] DEBUG: Word: 18446744073709551615
[/Users/elijah/Desktop/diss/src/common/broadword.cpp:76] DEBUG: Mask: 8388608
[/Users/elijah/Desktop/diss/src/common/broadword.cpp:75] DEBUG: Word: 18446744073709551615
[/Users/elijah/Desktop/diss/src/common/broadword.cpp:76] DEBUG: Mask: 16777216
[/Users/elijah/Desktop/diss/src/common/broadword.cpp:75] DEBUG: Word: 18446744073709551615
[/Users/elijah/Desktop/diss/src/common/broadword.cpp:76] DEBUG: Mask: 33554432
[/Users/elijah/Desktop/diss/src/common/broadword.cpp:75] DEBUG: Word: 18446744073709551615
[/Users/elijah/Desktop/diss/src/common/broadword.cpp:76] DEBUG: Mask: 67108864
[/Users/elijah/Desktop/diss/src/common/broadword.cpp:75] DEBUG: Word: 18446744073709551615
[/Users/elijah/Desktop/diss/src/common/broadword.cpp:76] DEBUG: Mask: 134217728
[/Users/elijah/Desktop/diss/src/common/broadword.cpp:75] DEBUG: Word: 18446744073709551615
[/Users/elijah/Desktop/diss/src/common/broadword.cpp:76] DEBUG: Mask: 268435456
[/Users/elijah/Desktop/diss/src/common/broadword.cpp:75] DEBUG: Word: 18446744073709551615
[/Users/elijah/Desktop/diss/src/common/broadword.cpp:76] DEBUG: Mask: 536870912
[/Users/elijah/Desktop/diss/src/common/broadword.cpp:75] DEBUG: Word: 18446744073709551615
[/Users/elijah/Desktop/diss/src/common/broadword.cpp:76] DEBUG: Mask: 1073741824
[/Users/elijah/Desktop/diss/src/common/broadword.cpp:75] DEBUG: Word: 18446744073709551615
[/Users/elijah/Desktop/diss/src/common/broadword.cpp:76] DEBUG: Mask: 2147483648
[/Users/elijah/Desktop/diss/src/common/broadword.cpp:75] DEBUG: Word: 18446744073709551615
[/Users/elijah/Desktop/diss/src/common/broadword.cpp:76] DEBUG: Mask: 4294967296
[/Users/elijah/Desktop/diss/src/common/broadword.cpp:75] DEBUG: Word: 18446744073709551615
[/Users/elijah/Desktop/diss/src/common/broadword.cpp:76] DEBUG: Mask: 8589934592
[/Users/elijah/Desktop/diss/src/common/broadword.cpp:75] DEBUG: Word: 18446744073709551615
[/Users/elijah/Desktop/diss/src/common/broadword.cpp:76] DEBUG: Mask: 17179869184
[/Users/elijah/Desktop/diss/src/common/broadword.cpp:75] DEBUG: Word: 18446744073709551615
[/Users/elijah/Desktop/diss/src/common/broadword.cpp:76] DEBUG: Mask: 34359738368
[/Users/elijah/Desktop/diss/src/common/broadword.cpp:75] DEBUG: Word: 18446744073709551615
[/Users/elijah/Desktop/diss/src/common/broadword.cpp:76] DEBUG: Mask: 68719476736
[/Users/elijah/Desktop/diss/src/common/broadword.cpp:75] DEBUG: Word: 18446744073709551615
[/Users/elijah/Desktop/diss/src/common/broadword.cpp:76] DEBUG: Mask: 137438953472
[/Users/elijah/Desktop/diss/src/common/broadword.cpp:75] DEBUG: Word: 18446744073709551615
[/Users/elijah/Desktop/diss/src/common/broadword.cpp:76] DEBUG: Mask: 274877906944
[/Users/elijah/Desktop/diss/src/common/broadword.cpp:75] DEBUG: Word: 18446744073709551615
[/Users/elijah/Desktop/diss/src/common/broadword.cpp:76] DEBUG: Mask: 549755813888
[/Users/elijah/Desktop/diss/src/common/broadword.cpp:75] DEBUG: Word: 18446744073709551615
[/Users/elijah/Desktop/diss/src/common/broadword.cpp:76] DEBUG: Mask: 1099511627776
[/Users/elijah/Desktop/diss/src/common/broadword.cpp:75] DEBUG: Word: 18446744073709551615
[/Users/elijah/Desktop/diss/src/common/broadword.cpp:76] DEBUG: Mask: 2199023255552
[/Users/elijah/Desktop/diss/src/common/broadword.cpp:75] DEBUG: Word: 18446744073709551615
[/Users/elijah/Desktop/diss/src/common/broadword.cpp:76] DEBUG: Mask: 4398046511104
[/Users/elijah/Desktop/diss/src/common/broadword.cpp:75] DEBUG: Word: 18446744073709551615
[/Users/elijah/Desktop/diss/src/common/broadword.cpp:76] DEBUG: Mask: 8796093022208
[/Users/elijah/Desktop/diss/src/common/broadword.cpp:75] DEBUG: Word: 18446744073709551615
[/Users/elijah/Desktop/diss/src/common/broadword.cpp:76] DEBUG: Mask: 17592186044416
[/Users/elijah/Desktop/diss/src/common/broadword.cpp:75] DEBUG: Word: 18446744073709551615
[/Users/elijah/Desktop/diss/src/common/broadword.cpp:76] DEBUG: Mask: 35184372088832
[/Users/elijah/Desktop/diss/src/common/broadword.cpp:75] DEBUG: Word: 18446744073709551615
[/Users/elijah/Desktop/diss/src/common/broadword.cpp:76] DEBUG: Mask: 70368744177664
[/Users/elijah/Desktop/diss/src/common/broadword.cpp:75] DEBUG: Word: 18446744073709551615
[/Users/elijah/Desktop/diss/src/common/broadword.cpp:76] DEBUG: Mask: 140737488355328
[/Users/elijah/Desktop/diss/src/common/broadword.cpp:75] DEBUG: Word: 18446744073709551615
[/Users/elijah/Desktop/diss/src/common/broadword.cpp:76] DEBUG: Mask: 281474976710656
[/Users/elijah/Desktop/diss/src/common/broadword.cpp:75] DEBUG: Word: 18446744073709551615
[/Users/elijah/Desktop/diss/src/common/broadword.cpp:76] DEBUG: Mask: 562949953421312
[/Users/elijah/Desktop/diss/src/common/broadword.cpp:75] DEBUG: Word: 18446744073709551615
[/Users/elijah/Desktop/diss/src/common/broadword.cpp:76] DEBUG: Mask: 1125899906842624
[/Users/elijah/Desktop/diss/src/common/broadword.cpp:75] DEBUG: Word: 18446744073709551615
[/Users/elijah/Desktop/diss/src/common/broadword.cpp:76] DEBUG: Mask: 2251799813685248
[/Users/elijah/Desktop/diss/src/common/broadword.cpp:75] DEBUG: Word: 18446744073709551615
[/Users/elijah/Desktop/diss/src/common/broadword.cpp:76] DEBUG: Mask: 4503599627370496
[/Users/elijah/Desktop/diss/src/common/broadword.cpp:75] DEBUG: Word: 18446744073709551615
[/Users/elijah/Desktop/diss/src/common/broadword.cpp:76] DEBUG: Mask: 9007199254740992
[/Users/elijah/Desktop/diss/src/common/broadword.cpp:75] DEBUG: Word: 18446744073709551615
[/Users/elijah/Desktop/diss/src/common/broadword.cpp:76] DEBUG: Mask: 18014398509481984
[/Users/elijah/Desktop/diss/src/common/broadword.cpp:75] DEBUG: Word: 18446744073709551615
[/Users/elijah/Desktop/diss/src/common/broadword.cpp:76] DEBUG: Mask: 36028797018963968
[/Users/elijah/Desktop/diss/src/common/broadword.cpp:75] DEBUG: Word: 18446744073709551615
[/Users/elijah/Desktop/diss/src/common/broadword.cpp:76] DEBUG: Mask: 72057594037927936
[/Users/elijah/Desktop/diss/src/common/broadword.cpp:75] DEBUG: Word: 18446744073709551615
[/Users/elijah/Desktop/diss/src/common/broadword.cpp:76] DEBUG: Mask: 144115188075855872
[/Users/elijah/Desktop/diss/src/common/broadword.cpp:75] DEBUG: Word: 18446744073709551615
[/Users/elijah/Desktop/diss/src/common/broadword.cpp:76] DEBUG: Mask: 288230376151711744
[/Users/elijah/Desktop/diss/src/common/broadword.cpp:75] DEBUG: Word: 18446744073709551615
[/Users/elijah/Desktop/diss/src/common/broadword.cpp:76] DEBUG: Mask: 576460752303423488
[/Users/elijah/Desktop/diss/src/common/broadword.cpp:75] DEBUG: Word: 18446744073709551615
[/Users/elijah/Desktop/diss/src/common/broadword.cpp:76] DEBUG: Mask: 1152921504606846976
[/Users/elijah/Desktop/diss/src/common/broadword.cpp:75] DEBUG: Word: 18446744073709551615
[/Users/elijah/Desktop/diss/src/common/broadword.cpp:76] DEBUG: Mask: 2305843009213693952
[/Users/elijah/Desktop/diss/src/common/broadword.cpp:75] DEBUG: Word: 18446744073709551615
[/Users/elijah/Desktop/diss/src/common/broadword.cpp:76] DEBUG: Mask: 4611686018427387904
[/Users/elijah/Desktop/diss/src/common/broadword.cpp:75] DEBUG: Word: 18446744073709551615
[/Users/elijah/Desktop/diss/src/common/broadword.cpp:76] DEBUG: Mask: 9223372036854775808
[/Users/elijah/Desktop/diss/src/common/broadword.cpp:91] DEBUG: Primary Inventory: 1 65 129 
[/Users/elijah/Desktop/diss/src/common/broadword.cpp:92] DEBUG: Secondary Inventory: 0 4 8 12 16 20 24 28 32 36 40 44 48 52 56 60 0 4 8 12 16 20 24 28 32 36 40 44 48 52 56 60 129 
[/Users/elijah/Desktop/diss/src/common/broadword.cpp:15] DEBUG: Inventories Built
[       OK ] SimpleSelectTest.AllSetZero (0 ms)
[ RUN      ] SimpleSelectTest.AllSetSecondarySearch
[/Users/elijah/Desktop/diss/src/common/broadword.cpp:51] DEBUG: Data: 18446744073709551615 18446744073709551615 
[/Users/elijah/Desktop/diss/src/common/broadword.cpp:52] DEBUG: L: 64
[/Users/elijah/Desktop/diss/src/common/broadword.cpp:53] DEBUG: M: 4
[/Users/elijah/Desktop/diss/src/common/broadword.cpp:60] DEBUG: Set Bits: 128
[/Users/elijah/Desktop/diss/src/common/broadword.cpp:61] DEBUG: Total Bits: 128
[/Users/elijah/Desktop/diss/src/common/broadword.cpp:66] DEBUG: L Spacing: 64
[/Users/elijah/Desktop/diss/src/common/broadword.cpp:67] DEBUG: M Spacing: 4
[/Users/elijah/Desktop/diss/src/common/broadword.cpp:72] DEBUG: Rank: 0
[/Users/elijah/Desktop/diss/src/common/broadword.cpp:75] DEBUG: Word: 18446744073709551615
[/Users/elijah/Desktop/diss/src/common/broadword.cpp:76] DEBUG: Mask: 1
[/Users/elijah/Desktop/diss/src/common/broadword.cpp:75] DEBUG: Word: 18446744073709551615
[/Users/elijah/Desktop/diss/src/common/broadword.cpp:76] DEBUG: Mask: 2
[/Users/elijah/Desktop/diss/src/common/broadword.cpp:75] DEBUG: Word: 18446744073709551615
[/Users/elijah/Desktop/diss/src/common/broadword.cpp:76] DEBUG: Mask: 4
[/Users/elijah/Desktop/diss/src/common/broadword.cpp:75] DEBUG: Word: 18446744073709551615
[/Users/elijah/Desktop/diss/src/common/broadword.cpp:76] DEBUG: Mask: 8
[/Users/elijah/Desktop/diss/src/common/broadword.cpp:75] DEBUG: Word: 18446744073709551615
[/Users/elijah/Desktop/diss/src/common/broadword.cpp:76] DEBUG: Mask: 16
[/Users/elijah/Desktop/diss/src/common/broadword.cpp:75] DEBUG: Word: 18446744073709551615
[/Users/elijah/Desktop/diss/src/common/broadword.cpp:76] DEBUG: Mask: 32
[/Users/elijah/Desktop/diss/src/common/broadword.cpp:75] DEBUG: Word: 18446744073709551615
[/Users/elijah/Desktop/diss/src/common/broadword.cpp:76] DEBUG: Mask: 64
[/Users/elijah/Desktop/diss/src/common/broadword.cpp:75] DEBUG: Word: 18446744073709551615
[/Users/elijah/Desktop/diss/src/common/broadword.cpp:76] DEBUG: Mask: 128
[/Users/elijah/Desktop/diss/src/common/broadword.cpp:75] DEBUG: Word: 18446744073709551615
[/Users/elijah/Desktop/diss/src/common/broadword.cpp:76] DEBUG: Mask: 256
[/Users/elijah/Desktop/diss/src/common/broadword.cpp:75] DEBUG: Word: 18446744073709551615
[/Users/elijah/Desktop/diss/src/common/broadword.cpp:76] DEBUG: Mask: 512
[/Users/elijah/Desktop/diss/src/common/broadword.cpp:75] DEBUG: Word: 18446744073709551615
[/Users/elijah/Desktop/diss/src/common/broadword.cpp:76] DEBUG: Mask: 1024
[/Users/elijah/Desktop/diss/src/common/broadword.cpp:75] DEBUG: Word: 18446744073709551615
[/Users/elijah/Desktop/diss/src/common/broadword.cpp:76] DEBUG: Mask: 2048
[/Users/elijah/Desktop/diss/src/common/broadword.cpp:75] DEBUG: Word: 18446744073709551615
[/Users/elijah/Desktop/diss/src/common/broadword.cpp:76] DEBUG: Mask: 4096
[/Users/elijah/Desktop/diss/src/common/broadword.cpp:75] DEBUG: Word: 18446744073709551615
[/Users/elijah/Desktop/diss/src/common/broadword.cpp:76] DEBUG: Mask: 8192
[/Users/elijah/Desktop/diss/src/common/broadword.cpp:75] DEBUG: Word: 18446744073709551615
[/Users/elijah/Desktop/diss/src/common/broadword.cpp:76] DEBUG: Mask: 16384
[/Users/elijah/Desktop/diss/src/common/broadword.cpp:75] DEBUG: Word: 18446744073709551615
[/Users/elijah/Desktop/diss/src/common/broadword.cpp:76] DEBUG: Mask: 32768
[/Users/elijah/Desktop/diss/src/common/broadword.cpp:75] DEBUG: Word: 18446744073709551615
[/Users/elijah/Desktop/diss/src/common/broadword.cpp:76] DEBUG: Mask: 65536
[/Users/elijah/Desktop/diss/src/common/broadword.cpp:75] DEBUG: Word: 18446744073709551615
[/Users/elijah/Desktop/diss/src/common/broadword.cpp:76] DEBUG: Mask: 131072
[/Users/elijah/Desktop/diss/src/common/broadword.cpp:75] DEBUG: Word: 18446744073709551615
[/Users/elijah/Desktop/diss/src/common/broadword.cpp:76] DEBUG: Mask: 262144
[/Users/elijah/Desktop/diss/src/common/broadword.cpp:75] DEBUG: Word: 18446744073709551615
[/Users/elijah/Desktop/diss/src/common/broadword.cpp:76] DEBUG: Mask: 524288
[/Users/elijah/Desktop/diss/src/common/broadword.cpp:75] DEBUG: Word: 18446744073709551615
[/Users/elijah/Desktop/diss/src/common/broadword.cpp:76] DEBUG: Mask: 1048576
[/Users/elijah/Desktop/diss/src/common/broadword.cpp:75] DEBUG: Word: 18446744073709551615
[/Users/elijah/Desktop/diss/src/common/broadword.cpp:76] DEBUG: Mask: 2097152
[/Users/elijah/Desktop/diss/src/common/broadword.cpp:75] DEBUG: Word: 18446744073709551615
[/Users/elijah/Desktop/diss/src/common/broadword.cpp:76] DEBUG: Mask: 4194304
[/Users/elijah/Desktop/diss/src/common/broadword.cpp:75] DEBUG: Word: 18446744073709551615
[/Users/elijah/Desktop/diss/src/common/broadword.cpp:76] DEBUG: Mask: 8388608
[/Users/elijah/Desktop/diss/src/common/broadword.cpp:75] DEBUG: Word: 18446744073709551615
[/Users/elijah/Desktop/diss/src/common/broadword.cpp:76] DEBUG: Mask: 16777216
[/Users/elijah/Desktop/diss/src/common/broadword.cpp:75] DEBUG: Word: 18446744073709551615
[/Users/elijah/Desktop/diss/src/common/broadword.cpp:76] DEBUG: Mask: 33554432
[/Users/elijah/Desktop/diss/src/common/broadword.cpp:75] DEBUG: Word: 18446744073709551615
[/Users/elijah/Desktop/diss/src/common/broadword.cpp:76] DEBUG: Mask: 67108864
[/Users/elijah/Desktop/diss/src/common/broadword.cpp:75] DEBUG: Word: 18446744073709551615
[/Users/elijah/Desktop/diss/src/common/broadword.cpp:76] DEBUG: Mask: 134217728
[/Users/elijah/Desktop/diss/src/common/broadword.cpp:75] DEBUG: Word: 18446744073709551615
[/Users/elijah/Desktop/diss/src/common/broadword.cpp:76] DEBUG: Mask: 268435456
[/Users/elijah/Desktop/diss/src/common/broadword.cpp:75] DEBUG: Word: 18446744073709551615
[/Users/elijah/Desktop/diss/src/common/broadword.cpp:76] DEBUG: Mask: 536870912
[/Users/elijah/Desktop/diss/src/common/broadword.cpp:75] DEBUG: Word: 18446744073709551615
[/Users/elijah/Desktop/diss/src/common/broadword.cpp:76] DEBUG: Mask: 1073741824
[/Users/elijah/Desktop/diss/src/common/broadword.cpp:75] DEBUG: Word: 18446744073709551615
[/Users/elijah/Desktop/diss/src/common/broadword.cpp:76] DEBUG: Mask: 2147483648
[/Users/elijah/Desktop/diss/src/common/broadword.cpp:75] DEBUG: Word: 18446744073709551615
[/Users/elijah/Desktop/diss/src/common/broadword.cpp:76] DEBUG: Mask: 4294967296
[/Users/elijah/Desktop/diss/src/common/broadword.cpp:75] DEBUG: Word: 18446744073709551615
[/Users/elijah/Desktop/diss/src/common/broadword.cpp:76] DEBUG: Mask: 8589934592
[/Users/elijah/Desktop/diss/src/common/broadword.cpp:75] DEBUG: Word: 18446744073709551615
[/Users/elijah/Desktop/diss/src/common/broadword.cpp:76] DEBUG: Mask: 17179869184
[/Users/elijah/Desktop/diss/src/common/broadword.cpp:75] DEBUG: Word: 18446744073709551615
[/Users/elijah/Desktop/diss/src/common/broadword.cpp:76] DEBUG: Mask: 34359738368
[/Users/elijah/Desktop/diss/src/common/broadword.cpp:75] DEBUG: Word: 18446744073709551615
[/Users/elijah/Desktop/diss/src/common/broadword.cpp:76] DEBUG: Mask: 68719476736
[/Users/elijah/Desktop/diss/src/common/broadword.cpp:75] DEBUG: Word: 18446744073709551615
[/Users/elijah/Desktop/diss/src/common/broadword.cpp:76] DEBUG: Mask: 137438953472
[/Users/elijah/Desktop/diss/src/common/broadword.cpp:75] DEBUG: Word: 18446744073709551615
[/Users/elijah/Desktop/diss/src/common/broadword.cpp:76] DEBUG: Mask: 274877906944
[/Users/elijah/Desktop/diss/src/common/broadword.cpp:75] DEBUG: Word: 18446744073709551615
[/Users/elijah/Desktop/diss/src/common/broadword.cpp:76] DEBUG: Mask: 549755813888
[/Users/elijah/Desktop/diss/src/common/broadword.cpp:75] DEBUG: Word: 18446744073709551615
[/Users/elijah/Desktop/diss/src/common/broadword.cpp:76] DEBUG: Mask: 1099511627776
[/Users/elijah/Desktop/diss/src/common/broadword.cpp:75] DEBUG: Word: 18446744073709551615
[/Users/elijah/Desktop/diss/src/common/broadword.cpp:76] DEBUG: Mask: 2199023255552
[/Users/elijah/Desktop/diss/src/common/broadword.cpp:75] DEBUG: Word: 18446744073709551615
[/Users/elijah/Desktop/diss/src/common/broadword.cpp:76] DEBUG: Mask: 4398046511104
[/Users/elijah/Desktop/diss/src/common/broadword.cpp:75] DEBUG: Word: 18446744073709551615
[/Users/elijah/Desktop/diss/src/common/broadword.cpp:76] DEBUG: Mask: 8796093022208
[/Users/elijah/Desktop/diss/src/common/broadword.cpp:75] DEBUG: Word: 18446744073709551615
[/Users/elijah/Desktop/diss/src/common/broadword.cpp:76] DEBUG: Mask: 17592186044416
[/Users/elijah/Desktop/diss/src/common/broadword.cpp:75] DEBUG: Word: 18446744073709551615
[/Users/elijah/Desktop/diss/src/common/broadword.cpp:76] DEBUG: Mask: 35184372088832
[/Users/elijah/Desktop/diss/src/common/broadword.cpp:75] DEBUG: Word: 18446744073709551615
[/Users/elijah/Desktop/diss/src/common/broadword.cpp:76] DEBUG: Mask: 70368744177664
[/Users/elijah/Desktop/diss/src/common/broadword.cpp:75] DEBUG: Word: 18446744073709551615
[/Users/elijah/Desktop/diss/src/common/broadword.cpp:76] DEBUG: Mask: 140737488355328
[/Users/elijah/Desktop/diss/src/common/broadword.cpp:75] DEBUG: Word: 18446744073709551615
[/Users/elijah/Desktop/diss/src/common/broadword.cpp:76] DEBUG: Mask: 281474976710656
[/Users/elijah/Desktop/diss/src/common/broadword.cpp:75] DEBUG: Word: 18446744073709551615
[/Users/elijah/Desktop/diss/src/common/broadword.cpp:76] DEBUG: Mask: 562949953421312
[/Users/elijah/Desktop/diss/src/common/broadword.cpp:75] DEBUG: Word: 18446744073709551615
[/Users/elijah/Desktop/diss/src/common/broadword.cpp:76] DEBUG: Mask: 1125899906842624
[/Users/elijah/Desktop/diss/src/common/broadword.cpp:75] DEBUG: Word: 18446744073709551615
[/Users/elijah/Desktop/diss/src/common/broadword.cpp:76] DEBUG: Mask: 2251799813685248
[/Users/elijah/Desktop/diss/src/common/broadword.cpp:75] DEBUG: Word: 18446744073709551615
[/Users/elijah/Desktop/diss/src/common/broadword.cpp:76] DEBUG: Mask: 4503599627370496
[/Users/elijah/Desktop/diss/src/common/broadword.cpp:75] DEBUG: Word: 18446744073709551615
[/Users/elijah/Desktop/diss/src/common/broadword.cpp:76] DEBUG: Mask: 9007199254740992
[/Users/elijah/Desktop/diss/src/common/broadword.cpp:75] DEBUG: Word: 18446744073709551615
[/Users/elijah/Desktop/diss/src/common/broadword.cpp:76] DEBUG: Mask: 18014398509481984
[/Users/elijah/Desktop/diss/src/common/broadword.cpp:75] DEBUG: Word: 18446744073709551615
[/Users/elijah/Desktop/diss/src/common/broadword.cpp:76] DEBUG: Mask: 36028797018963968
[/Users/elijah/Desktop/diss/src/common/broadword.cpp:75] DEBUG: Word: 18446744073709551615
[/Users/elijah/Desktop/diss/src/common/broadword.cpp:76] DEBUG: Mask: 72057594037927936
[/Users/elijah/Desktop/diss/src/common/broadword.cpp:75] DEBUG: Word: 18446744073709551615
[/Users/elijah/Desktop/diss/src/common/broadword.cpp:76] DEBUG: Mask: 144115188075855872
[/Users/elijah/Desktop/diss/src/common/broadword.cpp:75] DEBUG: Word: 18446744073709551615
[/Users/elijah/Desktop/diss/src/common/broadword.cpp:76] DEBUG: Mask: 288230376151711744
[/Users/elijah/Desktop/diss/src/common/broadword.cpp:75] DEBUG: Word: 18446744073709551615
[/Users/elijah/Desktop/diss/src/common/broadword.cpp:76] DEBUG: Mask: 576460752303423488
[/Users/elijah/Desktop/diss/src/common/broadword.cpp:75] DEBUG: Word: 18446744073709551615
[/Users/elijah/Desktop/diss/src/common/broadword.cpp:76] DEBUG: Mask: 1152921504606846976
[/Users/elijah/Desktop/diss/src/common/broadword.cpp:75] DEBUG: Word: 18446744073709551615
[/Users/elijah/Desktop/diss/src/common/broadword.cpp:76] DEBUG: Mask: 2305843009213693952
[/Users/elijah/Desktop/diss/src/common/broadword.cpp:75] DEBUG: Word: 18446744073709551615
[/Users/elijah/Desktop/diss/src/common/broadword.cpp:76] DEBUG: Mask: 4611686018427387904
[/Users/elijah/Desktop/diss/src/common/broadword.cpp:75] DEBUG: Word: 18446744073709551615
[/Users/elijah/Desktop/diss/src/common/broadword.cpp:76] DEBUG: Mask: 9223372036854775808
[/Users/elijah/Desktop/diss/src/common/broadword.cpp:72] DEBUG: Rank: 64
[/Users/elijah/Desktop/diss/src/common/broadword.cpp:75] DEBUG: Word: 18446744073709551615
[/Users/elijah/Desktop/diss/src/common/broadword.cpp:76] DEBUG: Mask: 1
[/Users/elijah/Desktop/diss/src/common/broadword.cpp:75] DEBUG: Word: 18446744073709551615
[/Users/elijah/Desktop/diss/src/common/broadword.cpp:76] DEBUG: Mask: 2
[/Users/elijah/Desktop/diss/src/common/broadword.cpp:75] DEBUG: Word: 18446744073709551615
[/Users/elijah/Desktop/diss/src/common/broadword.cpp:76] DEBUG: Mask: 4
[/Users/elijah/Desktop/diss/src/common/broadword.cpp:75] DEBUG: Word: 18446744073709551615
[/Users/elijah/Desktop/diss/src/common/broadword.cpp:76] DEBUG: Mask: 8
[/Users/elijah/Desktop/diss/src/common/broadword.cpp:75] DEBUG: Word: 18446744073709551615
[/Users/elijah/Desktop/diss/src/common/broadword.cpp:76] DEBUG: Mask: 16
[/Users/elijah/Desktop/diss/src/common/broadword.cpp:75] DEBUG: Word: 18446744073709551615
[/Users/elijah/Desktop/diss/src/common/broadword.cpp:76] DEBUG: Mask: 32
[/Users/elijah/Desktop/diss/src/common/broadword.cpp:75] DEBUG: Word: 18446744073709551615
[/Users/elijah/Desktop/diss/src/common/broadword.cpp:76] DEBUG: Mask: 64
[/Users/elijah/Desktop/diss/src/common/broadword.cpp:75] DEBUG: Word: 18446744073709551615
[/Users/elijah/Desktop/diss/src/common/broadword.cpp:76] DEBUG: Mask: 128
[/Users/elijah/Desktop/diss/src/common/broadword.cpp:75] DEBUG: Word: 18446744073709551615
[/Users/elijah/Desktop/diss/src/common/broadword.cpp:76] DEBUG: Mask: 256
[/Users/elijah/Desktop/diss/src/common/broadword.cpp:75] DEBUG: Word: 18446744073709551615
[/Users/elijah/Desktop/diss/src/common/broadword.cpp:76] DEBUG: Mask: 512
[/Users/elijah/Desktop/diss/src/common/broadword.cpp:75] DEBUG: Word: 18446744073709551615
[/Users/elijah/Desktop/diss/src/common/broadword.cpp:76] DEBUG: Mask: 1024
[/Users/elijah/Desktop/diss/src/common/broadword.cpp:75] DEBUG: Word: 18446744073709551615
[/Users/elijah/Desktop/diss/src/common/broadword.cpp:76] DEBUG: Mask: 2048
[/Users/elijah/Desktop/diss/src/common/broadword.cpp:75] DEBUG: Word: 18446744073709551615
[/Users/elijah/Desktop/diss/src/common/broadword.cpp:76] DEBUG: Mask: 4096
[/Users/elijah/Desktop/diss/src/common/broadword.cpp:75] DEBUG: Word: 18446744073709551615
[/Users/elijah/Desktop/diss/src/common/broadword.cpp:76] DEBUG: Mask: 8192
[/Users/elijah/Desktop/diss/src/common/broadword.cpp:75] DEBUG: Word: 18446744073709551615
[/Users/elijah/Desktop/diss/src/common/broadword.cpp:76] DEBUG: Mask: 16384
[/Users/elijah/Desktop/diss/src/common/broadword.cpp:75] DEBUG: Word: 18446744073709551615
[/Users/elijah/Desktop/diss/src/common/broadword.cpp:76] DEBUG: Mask: 32768
[/Users/elijah/Desktop/diss/src/common/broadword.cpp:75] DEBUG: Word: 18446744073709551615
[/Users/elijah/Desktop/diss/src/common/broadword.cpp:76] DEBUG: Mask: 65536
[/Users/elijah/Desktop/diss/src/common/broadword.cpp:75] DEBUG: Word: 18446744073709551615
[/Users/elijah/Desktop/diss/src/common/broadword.cpp:76] DEBUG: Mask: 131072
[/Users/elijah/Desktop/diss/src/common/broadword.cpp:75] DEBUG: Word: 18446744073709551615
[/Users/elijah/Desktop/diss/src/common/broadword.cpp:76] DEBUG: Mask: 262144
[/Users/elijah/Desktop/diss/src/common/broadword.cpp:75] DEBUG: Word: 18446744073709551615
[/Users/elijah/Desktop/diss/src/common/broadword.cpp:76] DEBUG: Mask: 524288
[/Users/elijah/Desktop/diss/src/common/broadword.cpp:75] DEBUG: Word: 18446744073709551615
[/Users/elijah/Desktop/diss/src/common/broadword.cpp:76] DEBUG: Mask: 1048576
[/Users/elijah/Desktop/diss/src/common/broadword.cpp:75] DEBUG: Word: 18446744073709551615
[/Users/elijah/Desktop/diss/src/common/broadword.cpp:76] DEBUG: Mask: 2097152
[/Users/elijah/Desktop/diss/src/common/broadword.cpp:75] DEBUG: Word: 18446744073709551615
[/Users/elijah/Desktop/diss/src/common/broadword.cpp:76] DEBUG: Mask: 4194304
[/Users/elijah/Desktop/diss/src/common/broadword.cpp:75] DEBUG: Word: 18446744073709551615
[/Users/elijah/Desktop/diss/src/common/broadword.cpp:76] DEBUG: Mask: 8388608
[/Users/elijah/Desktop/diss/src/common/broadword.cpp:75] DEBUG: Word: 18446744073709551615
[/Users/elijah/Desktop/diss/src/common/broadword.cpp:76] DEBUG: Mask: 16777216
[/Users/elijah/Desktop/diss/src/common/broadword.cpp:75] DEBUG: Word: 18446744073709551615
[/Users/elijah/Desktop/diss/src/common/broadword.cpp:76] DEBUG: Mask: 33554432
[/Users/elijah/Desktop/diss/src/common/broadword.cpp:75] DEBUG: Word: 18446744073709551615
[/Users/elijah/Desktop/diss/src/common/broadword.cpp:76] DEBUG: Mask: 67108864
[/Users/elijah/Desktop/diss/src/common/broadword.cpp:75] DEBUG: Word: 18446744073709551615
[/Users/elijah/Desktop/diss/src/common/broadword.cpp:76] DEBUG: Mask: 134217728
[/Users/elijah/Desktop/diss/src/common/broadword.cpp:75] DEBUG: Word: 18446744073709551615
[/Users/elijah/Desktop/diss/src/common/broadword.cpp:76] DEBUG: Mask: 268435456
[/Users/elijah/Desktop/diss/src/common/broadword.cpp:75] DEBUG: Word: 18446744073709551615
[/Users/elijah/Desktop/diss/src/common/broadword.cpp:76] DEBUG: Mask: 536870912
[/Users/elijah/Desktop/diss/src/common/broadword.cpp:75] DEBUG: Word: 18446744073709551615
[/Users/elijah/Desktop/diss/src/common/broadword.cpp:76] DEBUG: Mask: 1073741824
[/Users/elijah/Desktop/diss/src/common/broadword.cpp:75] DEBUG: Word: 18446744073709551615
[/Users/elijah/Desktop/diss/src/common/broadword.cpp:76] DEBUG: Mask: 2147483648
[/Users/elijah/Desktop/diss/src/common/broadword.cpp:75] DEBUG: Word: 18446744073709551615
[/Users/elijah/Desktop/diss/src/common/broadword.cpp:76] DEBUG: Mask: 4294967296
[/Users/elijah/Desktop/diss/src/common/broadword.cpp:75] DEBUG: Word: 18446744073709551615
[/Users/elijah/Desktop/diss/src/common/broadword.cpp:76] DEBUG: Mask: 8589934592
[/Users/elijah/Desktop/diss/src/common/broadword.cpp:75] DEBUG: Word: 18446744073709551615
[/Users/elijah/Desktop/diss/src/common/broadword.cpp:76] DEBUG: Mask: 17179869184
[/Users/elijah/Desktop/diss/src/common/broadword.cpp:75] DEBUG: Word: 18446744073709551615
[/Users/elijah/Desktop/diss/src/common/broadword.cpp:76] DEBUG: Mask: 34359738368
[/Users/elijah/Desktop/diss/src/common/broadword.cpp:75] DEBUG: Word: 18446744073709551615
[/Users/elijah/Desktop/diss/src/common/broadword.cpp:76] DEBUG: Mask: 68719476736
[/Users/elijah/Desktop/diss/src/common/broadword.cpp:75] DEBUG: Word: 18446744073709551615
[/Users/elijah/Desktop/diss/src/common/broadword.cpp:76] DEBUG: Mask: 137438953472
[/Users/elijah/Desktop/diss/src/common/broadword.cpp:75] DEBUG: Word: 18446744073709551615
[/Users/elijah/Desktop/diss/src/common/broadword.cpp:76] DEBUG: Mask: 274877906944
[/Users/elijah/Desktop/diss/src/common/broadword.cpp:75] DEBUG: Word: 18446744073709551615
[/Users/elijah/Desktop/diss/src/common/broadword.cpp:76] DEBUG: Mask: 549755813888
[/Users/elijah/Desktop/diss/src/common/broadword.cpp:75] DEBUG: Word: 18446744073709551615
[/Users/elijah/Desktop/diss/src/common/broadword.cpp:76] DEBUG: Mask: 1099511627776
[/Users/elijah/Desktop/diss/src/common/broadword.cpp:75] DEBUG: Word: 18446744073709551615
[/Users/elijah/Desktop/diss/src/common/broadword.cpp:76] DEBUG: Mask: 2199023255552
[/Users/elijah/Desktop/diss/src/common/broadword.cpp:75] DEBUG: Word: 18446744073709551615
[/Users/elijah/Desktop/diss/src/common/broadword.cpp:76] DEBUG: Mask: 4398046511104
[/Users/elijah/Desktop/diss/src/common/broadword.cpp:75] DEBUG: Word: 18446744073709551615
[/Users/elijah/Desktop/diss/src/common/broadword.cpp:76] DEBUG: Mask: 8796093022208
[/Users/elijah/Desktop/diss/src/common/broadword.cpp:75] DEBUG: Word: 18446744073709551615
[/Users/elijah/Desktop/diss/src/common/broadword.cpp:76] DEBUG: Mask: 17592186044416
[/Users/elijah/Desktop/diss/src/common/broadword.cpp:75] DEBUG: Word: 18446744073709551615
[/Users/elijah/Desktop/diss/src/common/broadword.cpp:76] DEBUG: Mask: 35184372088832
[/Users/elijah/Desktop/diss/src/common/broadword.cpp:75] DEBUG: Word: 18446744073709551615
[/Users/elijah/Desktop/diss/src/common/broadword.cpp:76] DEBUG: Mask: 70368744177664
[/Users/elijah/Desktop/diss/src/common/broadword.cpp:75] DEBUG: Word: 18446744073709551615
[/Users/elijah/Desktop/diss/src/common/broadword.cpp:76] DEBUG: Mask: 140737488355328
[/Users/elijah/Desktop/diss/src/common/broadword.cpp:75] DEBUG: Word: 18446744073709551615
[/Users/elijah/Desktop/diss/src/common/broadword.cpp:76] DEBUG: Mask: 281474976710656
[/Users/elijah/Desktop/diss/src/common/broadword.cpp:75] DEBUG: Word: 18446744073709551615
[/Users/elijah/Desktop/diss/src/common/broadword.cpp:76] DEBUG: Mask: 562949953421312
[/Users/elijah/Desktop/diss/src/common/broadword.cpp:75] DEBUG: Word: 18446744073709551615
[/Users/elijah/Desktop/diss/src/common/broadword.cpp:76] DEBUG: Mask: 1125899906842624
[/Users/elijah/Desktop/diss/src/common/broadword.cpp:75] DEBUG: Word: 18446744073709551615
[/Users/elijah/Desktop/diss/src/common/broadword.cpp:76] DEBUG: Mask: 2251799813685248
[/Users/elijah/Desktop/diss/src/common/broadword.cpp:75] DEBUG: Word: 18446744073709551615
[/Users/elijah/Desktop/diss/src/common/broadword.cpp:76] DEBUG: Mask: 4503599627370496
[/Users/elijah/Desktop/diss/src/common/broadword.cpp:75] DEBUG: Word: 18446744073709551615
[/Users/elijah/Desktop/diss/src/common/broadword.cpp:76] DEBUG: Mask: 9007199254740992
[/Users/elijah/Desktop/diss/src/common/broadword.cpp:75] DEBUG: Word: 18446744073709551615
[/Users/elijah/Desktop/diss/src/common/broadword.cpp:76] DEBUG: Mask: 18014398509481984
[/Users/elijah/Desktop/diss/src/common/broadword.cpp:75] DEBUG: Word: 18446744073709551615
[/Users/elijah/Desktop/diss/src/common/broadword.cpp:76] DEBUG: Mask: 36028797018963968
[/Users/elijah/Desktop/diss/src/common/broadword.cpp:75] DEBUG: Word: 18446744073709551615
[/Users/elijah/Desktop/diss/src/common/broadword.cpp:76] DEBUG: Mask: 72057594037927936
[/Users/elijah/Desktop/diss/src/common/broadword.cpp:75] DEBUG: Word: 18446744073709551615
[/Users/elijah/Desktop/diss/src/common/broadword.cpp:76] DEBUG: Mask: 144115188075855872
[/Users/elijah/Desktop/diss/src/common/broadword.cpp:75] DEBUG: Word: 18446744073709551615
[/Users/elijah/Desktop/diss/src/common/broadword.cpp:76] DEBUG: Mask: 288230376151711744
[/Users/elijah/Desktop/diss/src/common/broadword.cpp:75] DEBUG: Word: 18446744073709551615
[/Users/elijah/Desktop/diss/src/common/broadword.cpp:76] DEBUG: Mask: 576460752303423488
[/Users/elijah/Desktop/diss/src/common/broadword.cpp:75] DEBUG: Word: 18446744073709551615
[/Users/elijah/Desktop/diss/src/common/broadword.cpp:76] DEBUG: Mask: 1152921504606846976
[/Users/elijah/Desktop/diss/src/common/broadword.cpp:75] DEBUG: Word: 18446744073709551615
[/Users/elijah/Desktop/diss/src/common/broadword.cpp:76] DEBUG: Mask: 2305843009213693952
[/Users/elijah/Desktop/diss/src/common/broadword.cpp:75] DEBUG: Word: 18446744073709551615
[/Users/elijah/Desktop/diss/src/common/broadword.cpp:76] DEBUG: Mask: 4611686018427387904
[/Users/elijah/Desktop/diss/src/common/broadword.cpp:75] DEBUG: Word: 18446744073709551615
[/Users/elijah/Desktop/diss/src/common/broadword.cpp:76] DEBUG: Mask: 9223372036854775808
[/Users/elijah/Desktop/diss/src/common/broadword.cpp:91] DEBUG: Primary Inventory: 1 65 129 
[/Users/elijah/Desktop/diss/src/common/broadword.cpp:92] DEBUG: Secondary Inventory: 0 4 8 12 16 20 24 28 32 36 40 44 48 52 56 60 0 4 8 12 16 20 24 28 32 36 40 44 48 52 56 60 129 
[/Users/elijah/Desktop/diss/src/common/broadword.cpp:15] DEBUG: Inventories Built
[/Users/elijah/Desktop/diss/src/common/broadword.cpp:101] DEBUG: Primary Index: 0
[/Users/elijah/Desktop/diss/src/common/broadword.cpp:103] DEBUG: Current Rank: 1
[/Users/elijah/Desktop/diss/src/common/broadword.cpp:113] DEBUG: Primary Index: 0
[/Users/elijah/Desktop/diss/src/common/broadword.cpp:114] DEBUG: Current Rank: 1
[/Users/elijah/Desktop/diss/src/common/broadword.cpp:117] DEBUG: Rank Left: 12
[/Users/elijah/Desktop/diss/src/common/broadword.cpp:123] DEBUG: Secondary Index: 0
[/Users/elijah/Desktop/diss/src/common/broadword.cpp:125] DEBUG: Secondary Rank: 0
[/Users/elijah/Desktop/diss/src/common/broadword.cpp:130] DEBUG: Secondary Index: 1
[/Users/elijah/Desktop/diss/src/common/broadword.cpp:132] DEBUG: Secondary Rank: 4
[/Users/elijah/Desktop/diss/src/common/broadword.cpp:138] DEBUG: Gap: 2
[/Users/elijah/Desktop/diss/src/common/broadword.cpp:130] DEBUG: Secondary Index: 2
[/Users/elijah/Desktop/diss/src/common/broadword.cpp:132] DEBUG: Secondary Rank: 8
[/Users/elijah/Desktop/diss/src/common/broadword.cpp:138] DEBUG: Gap: 1
[/Users/elijah/Desktop/diss/src/common/broadword.cpp:130] DEBUG: Secondary Index: 3
[/Users/elijah/Desktop/diss/src/common/broadword.cpp:132] DEBUG: Secondary Rank: 12
[/Users/elijah/Desktop/diss/src/common/broadword.cpp:138] DEBUG: Gap: 1
[/Users/elijah/Desktop/diss/src/common/broadword.cpp:142] DEBUG: Secondary Index: 2
[/Users/elijah/Desktop/diss/src/common/broadword.cpp:143] DEBUG: Secondary Rank: 8
[/Users/elijah/Desktop/diss/src/common/broadword.cpp:154] DEBUG: Bit Search, Current Pos: 8
[/Users/elijah/Desktop/diss/src/common/broadword.cpp:155] DEBUG: Rank Left: 4
[/Users/elijah/Desktop/diss/src/common/broadword.cpp:157] DEBUG: Word Index: 0
[/Users/elijah/Desktop/diss/src/common/broadword.cpp:159] DEBUG: Bit Index: 8
[/Users/elijah/Desktop/diss/src/common/broadword.cpp:165] DEBUG: Masked Word: 1111111111111111111111111111111111111111111111111111111111111110
[/Users/elijah/Desktop/diss/src/common/broadword.cpp:167] DEBUG: Masked Word: 1111111111111111111111111111111111111111111111111111111000000000
[/Users/elijah/Desktop/diss/src/common/broadword.cpp:183] DEBUG: i: 9
[/Users/elijah/Desktop/diss/src/common/broadword.cpp:185] DEBUG: r: 3
[/Users/elijah/Desktop/diss/src/common/broadword.cpp:183] DEBUG: i: 10
[/Users/elijah/Desktop/diss/src/common/broadword.cpp:185] DEBUG: r: 2
[/Users/elijah/Desktop/diss/src/common/broadword.cpp:183] DEBUG: i: 11
[/Users/elijah/Desktop/diss/src/common/broadword.cpp:185] DEBUG: r: 1
[/Users/elijah/Desktop/diss/src/common/broadword.cpp:183] DEBUG: i: 12
[/Users/elijah/Desktop/diss/src/common/broadword.cpp:185] DEBUG: r: 0
[       OK ] SimpleSelectTest.AllSetSecondarySearch (0 ms)
[ RUN      ] SimpleSelectTest.AllSetPrimarySearch
[/Users/elijah/Desktop/diss/src/common/broadword.cpp:51] DEBUG: Data: 18446744073709551615 18446744073709551615 
[/Users/elijah/Desktop/diss/src/common/broadword.cpp:52] DEBUG: L: 64
[/Users/elijah/Desktop/diss/src/common/broadword.cpp:53] DEBUG: M: 4
[/Users/elijah/Desktop/diss/src/common/broadword.cpp:60] DEBUG: Set Bits: 128
[/Users/elijah/Desktop/diss/src/common/broadword.cpp:61] DEBUG: Total Bits: 128
[/Users/elijah/Desktop/diss/src/common/broadword.cpp:66] DEBUG: L Spacing: 64
[/Users/elijah/Desktop/diss/src/common/broadword.cpp:67] DEBUG: M Spacing: 4
[/Users/elijah/Desktop/diss/src/common/broadword.cpp:72] DEBUG: Rank: 0
[/Users/elijah/Desktop/diss/src/common/broadword.cpp:75] DEBUG: Word: 18446744073709551615
[/Users/elijah/Desktop/diss/src/common/broadword.cpp:76] DEBUG: Mask: 1
[/Users/elijah/Desktop/diss/src/common/broadword.cpp:75] DEBUG: Word: 18446744073709551615
[/Users/elijah/Desktop/diss/src/common/broadword.cpp:76] DEBUG: Mask: 2
[/Users/elijah/Desktop/diss/src/common/broadword.cpp:75] DEBUG: Word: 18446744073709551615
[/Users/elijah/Desktop/diss/src/common/broadword.cpp:76] DEBUG: Mask: 4
[/Users/elijah/Desktop/diss/src/common/broadword.cpp:75] DEBUG: Word: 18446744073709551615
[/Users/elijah/Desktop/diss/src/common/broadword.cpp:76] DEBUG: Mask: 8
[/Users/elijah/Desktop/diss/src/common/broadword.cpp:75] DEBUG: Word: 18446744073709551615
[/Users/elijah/Desktop/diss/src/common/broadword.cpp:76] DEBUG: Mask: 16
[/Users/elijah/Desktop/diss/src/common/broadword.cpp:75] DEBUG: Word: 18446744073709551615
[/Users/elijah/Desktop/diss/src/common/broadword.cpp:76] DEBUG: Mask: 32
[/Users/elijah/Desktop/diss/src/common/broadword.cpp:75] DEBUG: Word: 18446744073709551615
[/Users/elijah/Desktop/diss/src/common/broadword.cpp:76] DEBUG: Mask: 64
[/Users/elijah/Desktop/diss/src/common/broadword.cpp:75] DEBUG: Word: 18446744073709551615
[/Users/elijah/Desktop/diss/src/common/broadword.cpp:76] DEBUG: Mask: 128
[/Users/elijah/Desktop/diss/src/common/broadword.cpp:75] DEBUG: Word: 18446744073709551615
[/Users/elijah/Desktop/diss/src/common/broadword.cpp:76] DEBUG: Mask: 256
[/Users/elijah/Desktop/diss/src/common/broadword.cpp:75] DEBUG: Word: 18446744073709551615
[/Users/elijah/Desktop/diss/src/common/broadword.cpp:76] DEBUG: Mask: 512
[/Users/elijah/Desktop/diss/src/common/broadword.cpp:75] DEBUG: Word: 18446744073709551615
[/Users/elijah/Desktop/diss/src/common/broadword.cpp:76] DEBUG: Mask: 1024
[/Users/elijah/Desktop/diss/src/common/broadword.cpp:75] DEBUG: Word: 18446744073709551615
[/Users/elijah/Desktop/diss/src/common/broadword.cpp:76] DEBUG: Mask: 2048
[/Users/elijah/Desktop/diss/src/common/broadword.cpp:75] DEBUG: Word: 18446744073709551615
[/Users/elijah/Desktop/diss/src/common/broadword.cpp:76] DEBUG: Mask: 4096
[/Users/elijah/Desktop/diss/src/common/broadword.cpp:75] DEBUG: Word: 18446744073709551615
[/Users/elijah/Desktop/diss/src/common/broadword.cpp:76] DEBUG: Mask: 8192
[/Users/elijah/Desktop/diss/src/common/broadword.cpp:75] DEBUG: Word: 18446744073709551615
[/Users/elijah/Desktop/diss/src/common/broadword.cpp:76] DEBUG: Mask: 16384
[/Users/elijah/Desktop/diss/src/common/broadword.cpp:75] DEBUG: Word: 18446744073709551615
[/Users/elijah/Desktop/diss/src/common/broadword.cpp:76] DEBUG: Mask: 32768
[/Users/elijah/Desktop/diss/src/common/broadword.cpp:75] DEBUG: Word: 18446744073709551615
[/Users/elijah/Desktop/diss/src/common/broadword.cpp:76] DEBUG: Mask: 65536
[/Users/elijah/Desktop/diss/src/common/broadword.cpp:75] DEBUG: Word: 18446744073709551615
[...]
[/Users/elijah/Desktop/diss/src/common/broadword.cpp:76] DEBUG: Mask: 9223372036854775808
[/Users/elijah/Desktop/diss/src/common/broadword.cpp:91] DEBUG: Primary Inventory: 1 17 33 49 65 
[/Users/elijah/Desktop/diss/src/common/broadword.cpp:92] DEBUG: Secondary Inventory: 0 2 3 3 4 6 7 7 8 10 11 11 12 14 15 15 0 2 3 3 4 6 7 7 8 10 11 11 12 14 15 15 0 2 3 3 4 6 7 7 8 10 11 11 12 14 15 15 0 2 3 3 4 6 7 7 8 10 11 11 12 14 15 15 65 
[/Users/elijah/Desktop/diss/src/common/broadword.cpp:15] DEBUG: Inventories Built
[/Users/elijah/Desktop/diss/src/common/broadword.cpp:101] DEBUG: Primary Index: 0
[/Users/elijah/Desktop/diss/src/common/broadword.cpp:103] DEBUG: Current Rank: 1
[/Users/elijah/Desktop/diss/src/common/broadword.cpp:113] DEBUG: Primary Index: 0
[/Users/elijah/Desktop/diss/src/common/broadword.cpp:114] DEBUG: Current Rank: 1
[/Users/elijah/Desktop/diss/src/common/broadword.cpp:117] DEBUG: Rank Left: 2
[/Users/elijah/Desktop/diss/src/common/broadword.cpp:123] DEBUG: Secondary Index: 0
[/Users/elijah/Desktop/diss/src/common/broadword.cpp:125] DEBUG: Secondary Rank: 0
[/Users/elijah/Desktop/diss/src/common/broadword.cpp:130] DEBUG: Secondary Index: 1
[/Users/elijah/Desktop/diss/src/common/broadword.cpp:132] DEBUG: Secondary Rank: 2
[/Users/elijah/Desktop/diss/src/common/broadword.cpp:138] DEBUG: Gap: 2
[/Users/elijah/Desktop/diss/src/common/broadword.cpp:142] DEBUG: Secondary Index: 0
[/Users/elijah/Desktop/diss/src/common/broadword.cpp:143] DEBUG: Secondary Rank: 0
[/Users/elijah/Desktop/diss/src/common/broadword.cpp:154] DEBUG: Bit Search, Current Pos: 0
[/Users/elijah/Desktop/diss/src/common/broadword.cpp:155] DEBUG: Rank Left: 2
[/Users/elijah/Desktop/diss/src/common/broadword.cpp:157] DEBUG: Word Index: 0
[/Users/elijah/Desktop/diss/src/common/broadword.cpp:159] DEBUG: Bit Index: 0
[/Users/elijah/Desktop/diss/src/common/broadword.cpp:165] DEBUG: Masked Word: 0000111100001111000011110000111100001111000011110000111100001110
[/Users/elijah/Desktop/diss/src/common/broadword.cpp:167] DEBUG: Masked Word: 0000111100001111000011110000111100001111000011110000111100001110
[/Users/elijah/Desktop/diss/src/common/broadword.cpp:183] DEBUG: i: 1
[/Users/elijah/Desktop/diss/src/common/broadword.cpp:185] DEBUG: r: 1
[/Users/elijah/Desktop/diss/src/common/broadword.cpp:183] DEBUG: i: 2
[/Users/elijah/Desktop/diss/src/common/broadword.cpp:185] DEBUG: r: 0
[/Users/elijah/Desktop/diss/src/common/broadword.cpp:101] DEBUG: Primary Index: 0
[/Users/elijah/Desktop/diss/src/common/broadword.cpp:103] DEBUG: Current Rank: 1
[/Users/elijah/Desktop/diss/src/common/broadword.cpp:113] DEBUG: Primary Index: 0
[/Users/elijah/Desktop/diss/src/common/broadword.cpp:114] DEBUG: Current Rank: 1
[/Users/elijah/Desktop/diss/src/common/broadword.cpp:117] DEBUG: Rank Left: 4
[/Users/elijah/Desktop/diss/src/common/broadword.cpp:123] DEBUG: Secondary Index: 0
[/Users/elijah/Desktop/diss/src/common/broadword.cpp:125] DEBUG: Secondary Rank: 0
[/Users/elijah/Desktop/diss/src/common/broadword.cpp:130] DEBUG: Secondary Index: 1
[/Users/elijah/Desktop/diss/src/common/broadword.cpp:132] DEBUG: Secondary Rank: 2
[/Users/elijah/Desktop/diss/src/common/broadword.cpp:138] DEBUG: Gap: 2
[/Users/elijah/Desktop/diss/src/common/broadword.cpp:130] DEBUG: Secondary Index: 2
[/Users/elijah/Desktop/diss/src/common/broadword.cpp:132] DEBUG: Secondary Rank: 3
[/Users/elijah/Desktop/diss/src/common/broadword.cpp:138] DEBUG: Gap: 1
[/Users/elijah/Desktop/diss/src/common/broadword.cpp:130] DEBUG: Secondary Index: 3
[/Users/elijah/Desktop/diss/src/common/broadword.cpp:132] DEBUG: Secondary Rank: 3
[/Users/elijah/Desktop/diss/src/common/broadword.cpp:138] DEBUG: Gap: 1
[/Users/elijah/Desktop/diss/src/common/broadword.cpp:130] DEBUG: Secondary Index: 4
[/Users/elijah/Desktop/diss/src/common/broadword.cpp:132] DEBUG: Secondary Rank: 4
[/Users/elijah/Desktop/diss/src/common/broadword.cpp:138] DEBUG: Gap: 2
[/Users/elijah/Desktop/diss/src/common/broadword.cpp:142] DEBUG: Secondary Index: 2
[/Users/elijah/Desktop/diss/src/common/broadword.cpp:143] DEBUG: Secondary Rank: 3
[/Users/elijah/Desktop/diss/src/common/broadword.cpp:154] DEBUG: Bit Search, Current Pos: 4
[/Users/elijah/Desktop/diss/src/common/broadword.cpp:155] DEBUG: Rank Left: 1
[/Users/elijah/Desktop/diss/src/common/broadword.cpp:157] DEBUG: Word Index: 0
[/Users/elijah/Desktop/diss/src/common/broadword.cpp:159] DEBUG: Bit Index: 4
[/Users/elijah/Desktop/diss/src/common/broadword.cpp:165] DEBUG: Masked Word: 0000111100001111000011110000111100001111000011110000111100001110
[/Users/elijah/Desktop/diss/src/common/broadword.cpp:167] DEBUG: Masked Word: 0000111100001111000011110000111100001111000011110000111100000000
[/Users/elijah/Desktop/diss/src/common/broadword.cpp:183] DEBUG: i: 8
[/Users/elijah/Desktop/diss/src/common/broadword.cpp:185] DEBUG: r: 0
[/Users/elijah/Desktop/diss/src/common/broadword.cpp:101] DEBUG: Primary Index: 0
[/Users/elijah/Desktop/diss/src/common/broadword.cpp:103] DEBUG: Current Rank: 1
[/Users/elijah/Desktop/diss/src/common/broadword.cpp:113] DEBUG: Primary Index: 0
[/Users/elijah/Desktop/diss/src/common/broadword.cpp:114] DEBUG: Current Rank: 1
[/Users/elijah/Desktop/diss/src/common/broadword.cpp:117] DEBUG: Rank Left: 7
[/Users/elijah/Desktop/diss/src/common/broadword.cpp:123] DEBUG: Secondary Index: 0
[/Users/elijah/Desktop/diss/src/common/broadword.cpp:125] DEBUG: Secondary Rank: 0
[/Users/elijah/Desktop/diss/src/common/broadword.cpp:130] DEBUG: Secondary Index: 1
[/Users/elijah/Desktop/diss/src/common/broadword.cpp:132] DEBUG: Secondary Rank: 2
[/Users/elijah/Desktop/diss/src/common/broadword.cpp:138] DEBUG: Gap: 2
[/Users/elijah/Desktop/diss/src/common/broadword.cpp:130] DEBUG: Secondary Index: 2
[/Users/elijah/Desktop/diss/src/common/broadword.cpp:132] DEBUG: Secondary Rank: 3
[/Users/elijah/Desktop/diss/src/common/broadword.cpp:138] DEBUG: Gap: 1
[/Users/elijah/Desktop/diss/src/common/broadword.cpp:130] DEBUG: Secondary Index: 3
[/Users/elijah/Desktop/diss/src/common/broadword.cpp:132] DEBUG: Secondary Rank: 3
[/Users/elijah/Desktop/diss/src/common/broadword.cpp:138] DEBUG: Gap: 1
[/Users/elijah/Desktop/diss/src/common/broadword.cpp:130] DEBUG: Secondary Index: 4
[/Users/elijah/Desktop/diss/src/common/broadword.cpp:132] DEBUG: Secondary Rank: 4
[/Users/elijah/Desktop/diss/src/common/broadword.cpp:138] DEBUG: Gap: 2
[/Users/elijah/Desktop/diss/src/common/broadword.cpp:130] DEBUG: Secondary Index: 5
[/Users/elijah/Desktop/diss/src/common/broadword.cpp:132] DEBUG: Secondary Rank: 6
[/Users/elijah/Desktop/diss/src/common/broadword.cpp:138] DEBUG: Gap: 1
[/Users/elijah/Desktop/diss/src/common/broadword.cpp:130] DEBUG: Secondary Index: 6
[/Users/elijah/Desktop/diss/src/common/broadword.cpp:132] DEBUG: Secondary Rank: 7
[/Users/elijah/Desktop/diss/src/common/broadword.cpp:138] DEBUG: Gap: 1
[/Users/elijah/Desktop/diss/src/common/broadword.cpp:142] DEBUG: Secondary Index: 5
[/Users/elijah/Desktop/diss/src/common/broadword.cpp:143] DEBUG: Secondary Rank: 6
[/Users/elijah/Desktop/diss/src/common/broadword.cpp:154] DEBUG: Bit Search, Current Pos: 10
[/Users/elijah/Desktop/diss/src/common/broadword.cpp:155] DEBUG: Rank Left: 1
[/Users/elijah/Desktop/diss/src/common/broadword.cpp:157] DEBUG: Word Index: 0
[/Users/elijah/Desktop/diss/src/common/broadword.cpp:159] DEBUG: Bit Index: 10
[/Users/elijah/Desktop/diss/src/common/broadword.cpp:165] DEBUG: Masked Word: 0000111100001111000011110000111100001111000011110000111100001110
[/Users/elijah/Desktop/diss/src/common/broadword.cpp:167] DEBUG: Masked Word: 0000111100001111000011110000111100001111000011110000100000000000
[/Users/elijah/Desktop/diss/src/common/broadword.cpp:183] DEBUG: i: 11
[/Users/elijah/Desktop/diss/src/common/broadword.cpp:185] DEBUG: r: 0
[/Users/elijah/Desktop/diss/src/common/broadword.cpp:101] DEBUG: Primary Index: 1
[/Users/elijah/Desktop/diss/src/common/broadword.cpp:103] DEBUG: Current Rank: 17
[/Users/elijah/Desktop/diss/src/common/broadword.cpp:113] DEBUG: Primary Index: 1
[/Users/elijah/Desktop/diss/src/common/broadword.cpp:114] DEBUG: Current Rank: 17
[/Users/elijah/Desktop/diss/src/common/broadword.cpp:117] DEBUG: Rank Left: 15
[/Users/elijah/Desktop/diss/src/common/broadword.cpp:123] DEBUG: Secondary Index: 16
[/Users/elijah/Desktop/diss/src/common/broadword.cpp:125] DEBUG: Secondary Rank: 0
[/Users/elijah/Desktop/diss/src/common/broadword.cpp:130] DEBUG: Secondary Index: 17
[/Users/elijah/Desktop/diss/src/common/broadword.cpp:132] DEBUG: Secondary Rank: 2
[/Users/elijah/Desktop/diss/src/common/broadword.cpp:138] DEBUG: Gap: 1
[/Users/elijah/Desktop/diss/src/common/broadword.cpp:130] DEBUG: Secondary Index: 18
[/Users/elijah/Desktop/diss/src/common/broadword.cpp:132] DEBUG: Secondary Rank: 3
[/Users/elijah/Desktop/diss/src/common/broadword.cpp:138] DEBUG: Gap: 1
[/Users/elijah/Desktop/diss/src/common/broadword.cpp:130] DEBUG: Secondary Index: 19
[/Users/elijah/Desktop/diss/src/common/broadword.cpp:132] DEBUG: Secondary Rank: 3
[/Users/elijah/Desktop/diss/src/common/broadword.cpp:138] DEBUG: Gap: 1
[/Users/elijah/Desktop/diss/src/common/broadword.cpp:130] DEBUG: Secondary Index: 20
[/Users/elijah/Desktop/diss/src/common/broadword.cpp:132] DEBUG: Secondary Rank: 4
[/Users/elijah/Desktop/diss/src/common/broadword.cpp:138] DEBUG: Gap: 2
[/Users/elijah/Desktop/diss/src/common/broadword.cpp:130] DEBUG: Secondary Index: 21
[/Users/elijah/Desktop/diss/src/common/broadword.cpp:132] DEBUG: Secondary Rank: 6
[/Users/elijah/Desktop/diss/src/common/broadword.cpp:138] DEBUG: Gap: 1
[/Users/elijah/Desktop/diss/src/common/broadword.cpp:130] DEBUG: Secondary Index: 22
[/Users/elijah/Desktop/diss/src/common/broadword.cpp:132] DEBUG: Secondary Rank: 7
[/Users/elijah/Desktop/diss/src/common/broadword.cpp:138] DEBUG: Gap: 1
[/Users/elijah/Desktop/diss/src/common/broadword.cpp:130] DEBUG: Secondary Index: 23
[/Users/elijah/Desktop/diss/src/common/broadword.cpp:132] DEBUG: Secondary Rank: 7
[/Users/elijah/Desktop/diss/src/common/broadword.cpp:138] DEBUG: Gap: 1
[/Users/elijah/Desktop/diss/src/common/broadword.cpp:130] DEBUG: Secondary Index: 24
[/Users/elijah/Desktop/diss/src/common/broadword.cpp:132] DEBUG: Secondary Rank: 8
[/Users/elijah/Desktop/diss/src/common/broadword.cpp:138] DEBUG: Gap: 2
[/Users/elijah/Desktop/diss/src/common/broadword.cpp:130] DEBUG: Secondary Index: 25
[/Users/elijah/Desktop/diss/src/common/broadword.cpp:132] DEBUG: Secondary Rank: 10
[/Users/elijah/Desktop/diss/src/common/broadword.cpp:138] DEBUG: Gap: 1
[/Users/elijah/Desktop/diss/src/common/broadword.cpp:130] DEBUG: Secondary Index: 26
[/Users/elijah/Desktop/diss/src/common/broadword.cpp:132] DEBUG: Secondary Rank: 11
[/Users/elijah/Desktop/diss/src/common/broadword.cpp:138] DEBUG: Gap: 1
[/Users/elijah/Desktop/diss/src/common/broadword.cpp:130] DEBUG: Secondary Index: 27
[/Users/elijah/Desktop/diss/src/common/broadword.cpp:132] DEBUG: Secondary Rank: 11
[/Users/elijah/Desktop/diss/src/common/broadword.cpp:138] DEBUG: Gap: 1
[/Users/elijah/Desktop/diss/src/common/broadword.cpp:130] DEBUG: Secondary Index: 28
[/Users/elijah/Desktop/diss/src/common/broadword.cpp:132] DEBUG: Secondary Rank: 12
[/Users/elijah/Desktop/diss/src/common/broadword.cpp:138] DEBUG: Gap: 2
[/Users/elijah/Desktop/diss/src/common/broadword.cpp:130] DEBUG: Secondary Index: 29
[/Users/elijah/Desktop/diss/src/common/broadword.cpp:132] DEBUG: Secondary Rank: 14
[/Users/elijah/Desktop/diss/src/common/broadword.cpp:138] DEBUG: Gap: 1
[/Users/elijah/Desktop/diss/src/common/broadword.cpp:130] DEBUG: Secondary Index: 30
[/Users/elijah/Desktop/diss/src/common/broadword.cpp:132] DEBUG: Secondary Rank: 15
[/Users/elijah/Desktop/diss/src/common/broadword.cpp:138] DEBUG: Gap: 1
[/Users/elijah/Desktop/diss/src/common/broadword.cpp:142] DEBUG: Secondary Index: 29
[/Users/elijah/Desktop/diss/src/common/broadword.cpp:143] DEBUG: Secondary Rank: 14
[/Users/elijah/Desktop/diss/src/common/broadword.cpp:154] DEBUG: Bit Search, Current Pos: 58
[/Users/elijah/Desktop/diss/src/common/broadword.cpp:155] DEBUG: Rank Left: 1
[/Users/elijah/Desktop/diss/src/common/broadword.cpp:157] DEBUG: Word Index: 0
[/Users/elijah/Desktop/diss/src/common/broadword.cpp:159] DEBUG: Bit Index: 58
[/Users/elijah/Desktop/diss/src/common/broadword.cpp:165] DEBUG: Masked Word: 0000111100001111000011110000111100001111000011110000111100001110
[/Users/elijah/Desktop/diss/src/common/broadword.cpp:167] DEBUG: Masked Word: 0000100000000000000000000000000000000000000000000000000000000000
[/Users/elijah/Desktop/diss/src/common/broadword.cpp:183] DEBUG: i: 59
[/Users/elijah/Desktop/diss/src/common/broadword.cpp:185] DEBUG: r: 0
[/Users/elijah/Desktop/diss/src/common/broadword.cpp:101] DEBUG: Primary Index: 1
[/Users/elijah/Desktop/diss/src/common/broadword.cpp:103] DEBUG: Current Rank: 17
[/Users/elijah/Desktop/diss/src/common/broadword.cpp:113] DEBUG: Primary Index: 2
[/Users/elijah/Desktop/diss/src/common/broadword.cpp:114] DEBUG: Current Rank: 33
[/Users/elijah/Desktop/diss/src/common/broadword.cpp:117] DEBUG: Rank Left: 3
[/Users/elijah/Desktop/diss/src/common/broadword.cpp:123] DEBUG: Secondary Index: 32
[/Users/elijah/Desktop/diss/src/common/broadword.cpp:125] DEBUG: Secondary Rank: 0
[/Users/elijah/Desktop/diss/src/common/broadword.cpp:130] DEBUG: Secondary Index: 33
[/Users/elijah/Desktop/diss/src/common/broadword.cpp:132] DEBUG: Secondary Rank: 2
[/Users/elijah/Desktop/diss/src/common/broadword.cpp:138] DEBUG: Gap: 1
[/Users/elijah/Desktop/diss/src/common/broadword.cpp:130] DEBUG: Secondary Index: 34
[/Users/elijah/Desktop/diss/src/common/broadword.cpp:132] DEBUG: Secondary Rank: 3
[/Users/elijah/Desktop/diss/src/common/broadword.cpp:138] DEBUG: Gap: 1
[/Users/elijah/Desktop/diss/src/common/broadword.cpp:142] DEBUG: Secondary Index: 33
[/Users/elijah/Desktop/diss/src/common/broadword.cpp:143] DEBUG: Secondary Rank: 2
[/Users/elijah/Desktop/diss/src/common/broadword.cpp:154] DEBUG: Bit Search, Current Pos: 66
[/Users/elijah/Desktop/diss/src/common/broadword.cpp:155] DEBUG: Rank Left: 1
[/Users/elijah/Desktop/diss/src/common/broadword.cpp:157] DEBUG: Word Index: 1
[/Users/elijah/Desktop/diss/src/common/broadword.cpp:159] DEBUG: Bit Index: 2
[/Users/elijah/Desktop/diss/src/common/broadword.cpp:165] DEBUG: Masked Word: 0000111100001111000011110000111100001111000011110000111100001110
[/Users/elijah/Desktop/diss/src/common/broadword.cpp:167] DEBUG: Masked Word: 0000111100001111000011110000111100001111000011110000111100001000
[/Users/elijah/Desktop/diss/src/common/broadword.cpp:183] DEBUG: i: 3
[/Users/elijah/Desktop/diss/src/common/broadword.cpp:185] DEBUG: r: 0
[/Users/elijah/Desktop/diss/src/common/broadword.cpp:101] DEBUG: Primary Index: 1
[/Users/elijah/Desktop/diss/src/common/broadword.cpp:103] DEBUG: Current Rank: 17
[/Users/elijah/Desktop/diss/src/common/broadword.cpp:113] DEBUG: Primary Index: 2
[/Users/elijah/Desktop/diss/src/common/broadword.cpp:114] DEBUG: Current Rank: 33
[/Users/elijah/Desktop/diss/src/common/broadword.cpp:117] DEBUG: Rank Left: 15
[/Users/elijah/Desktop/diss/src/common/broadword.cpp:123] DEBUG: Secondary Index: 32
[/Users/elijah/Desktop/diss/src/common/broadword.cpp:125] DEBUG: Secondary Rank: 0
[/Users/elijah/Desktop/diss/src/common/broadword.cpp:130] DEBUG: Secondary Index: 33
[/Users/elijah/Desktop/diss/src/common/broadword.cpp:132] DEBUG: Secondary Rank: 2
[/Users/elijah/Desktop/diss/src/common/broadword.cpp:138] DEBUG: Gap: 1
[/Users/elijah/Desktop/diss/src/common/broadword.cpp:130] DEBUG: Secondary Index: 34
[/Users/elijah/Desktop/diss/src/common/broadword.cpp:132] DEBUG: Secondary Rank: 3
[/Users/elijah/Desktop/diss/src/common/broadword.cpp:138] DEBUG: Gap: 1
[/Users/elijah/Desktop/diss/src/common/broadword.cpp:130] DEBUG: Secondary Index: 35
[/Users/elijah/Desktop/diss/src/common/broadword.cpp:132] DEBUG: Secondary Rank: 3
[/Users/elijah/Desktop/diss/src/common/broadword.cpp:138] DEBUG: Gap: 1
[/Users/elijah/Desktop/diss/src/common/broadword.cpp:130] DEBUG: Secondary Index: 36
[/Users/elijah/Desktop/diss/src/common/broadword.cpp:132] DEBUG: Secondary Rank: 4
[/Users/elijah/Desktop/diss/src/common/broadword.cpp:138] DEBUG: Gap: 2
[/Users/elijah/Desktop/diss/src/common/broadword.cpp:130] DEBUG: Secondary Index: 37
[/Users/elijah/Desktop/diss/src/common/broadword.cpp:132] DEBUG: Secondary Rank: 6
[/Users/elijah/Desktop/diss/src/common/broadword.cpp:138] DEBUG: Gap: 1
[/Users/elijah/Desktop/diss/src/common/broadword.cpp:130] DEBUG: Secondary Index: 38
[/Users/elijah/Desktop/diss/src/common/broadword.cpp:132] DEBUG: Secondary Rank: 7
[/Users/elijah/Desktop/diss/src/common/broadword.cpp:138] DEBUG: Gap: 1
[/Users/elijah/Desktop/diss/src/common/broadword.cpp:130] DEBUG: Secondary Index: 39
[/Users/elijah/Desktop/diss/src/common/broadword.cpp:132] DEBUG: Secondary Rank: 7
[/Users/elijah/Desktop/diss/src/common/broadword.cpp:138] DEBUG: Gap: 1
[/Users/elijah/Desktop/diss/src/common/broadword.cpp:130] DEBUG: Secondary Index: 40
[/Users/elijah/Desktop/diss/src/common/broadword.cpp:132] DEBUG: Secondary Rank: 8
[/Users/elijah/Desktop/diss/src/common/broadword.cpp:138] DEBUG: Gap: 2
[/Users/elijah/Desktop/diss/src/common/broadword.cpp:130] DEBUG: Secondary Index: 41
[/Users/elijah/Desktop/diss/src/common/broadword.cpp:132] DEBUG: Secondary Rank: 10
[/Users/elijah/Desktop/diss/src/common/broadword.cpp:138] DEBUG: Gap: 1
[/Users/elijah/Desktop/diss/src/common/broadword.cpp:130] DEBUG: Secondary Index: 42
[/Users/elijah/Desktop/diss/src/common/broadword.cpp:132] DEBUG: Secondary Rank: 11
[/Users/elijah/Desktop/diss/src/common/broadword.cpp:138] DEBUG: Gap: 1
[/Users/elijah/Desktop/diss/src/common/broadword.cpp:130] DEBUG: Secondary Index: 43
[/Users/elijah/Desktop/diss/src/common/broadword.cpp:132] DEBUG: Secondary Rank: 11
[/Users/elijah/Desktop/diss/src/common/broadword.cpp:138] DEBUG: Gap: 1
[/Users/elijah/Desktop/diss/src/common/broadword.cpp:130] DEBUG: Secondary Index: 44
[/Users/elijah/Desktop/diss/src/common/broadword.cpp:132] DEBUG: Secondary Rank: 12
[/Users/elijah/Desktop/diss/src/common/broadword.cpp:138] DEBUG: Gap: 2
[/Users/elijah/Desktop/diss/src/common/broadword.cpp:130] DEBUG: Secondary Index: 45
[/Users/elijah/Desktop/diss/src/common/broadword.cpp:132] DEBUG: Secondary Rank: 14
[/Users/elijah/Desktop/diss/src/common/broadword.cpp:138] DEBUG: Gap: 1
[/Users/elijah/Desktop/diss/src/common/broadword.cpp:130] DEBUG: Secondary Index: 46
[/Users/elijah/Desktop/diss/src/common/broadword.cpp:132] DEBUG: Secondary Rank: 15
[/Users/elijah/Desktop/diss/src/common/broadword.cpp:138] DEBUG: Gap: 1
[/Users/elijah/Desktop/diss/src/common/broadword.cpp:142] DEBUG: Secondary Index: 45
[/Users/elijah/Desktop/diss/src/common/broadword.cpp:143] DEBUG: Secondary Rank: 14
[/Users/elijah/Desktop/diss/src/common/broadword.cpp:154] DEBUG: Bit Search, Current Pos: 90
[/Users/elijah/Desktop/diss/src/common/broadword.cpp:155] DEBUG: Rank Left: 1
[/Users/elijah/Desktop/diss/src/common/broadword.cpp:157] DEBUG: Word Index: 1
[/Users/elijah/Desktop/diss/src/common/broadword.cpp:159] DEBUG: Bit Index: 26
[/Users/elijah/Desktop/diss/src/common/broadword.cpp:165] DEBUG: Masked Word: 0000111100001111000011110000111100001111000011110000111100001110
[/Users/elijah/Desktop/diss/src/common/broadword.cpp:167] DEBUG: Masked Word: 0000111100001111000011110000111100001000000000000000000000000000
[/Users/elijah/Desktop/diss/src/common/broadword.cpp:183] DEBUG: i: 27
[/Users/elijah/Desktop/diss/src/common/broadword.cpp:185] DEBUG: r: 0
[       OK ] SimpleSelectTest.AlternatingBits (0 ms)
[----------] 8 tests from SimpleSelectTest (3 ms total)

[----------] Global test environment tear-down
[==========] 8 tests from 1 test suite ran. (3 ms total)
[  PASSED  ] 8 tests.
<end of output>
Test time =   0.15 sec
----------------------------------------------------------
Test Passed.
"TestBroadword" end time: Apr 02 09:54 BST
"TestBroadword" time elapsed: 00:00:00
----------------------------------------------------------

End testing: Apr 02 09:54 BST
